#
# There is insufficient memory for the Java Runtime Environment to continue.
# Native memory allocation (malloc) failed to allocate 1200656 bytes for Chunk::new
# Possible reasons:
#   The system is out of physical RAM or swap space
#   In 32 bit mode, the process size limit was hit
# Possible solutions:
#   Reduce memory load on the system
#   Increase physical memory or swap space
#   Check if swap backing store is full
#   Use 64 bit Java on a 64 bit OS
#   Decrease Java heap size (-Xmx/-Xms)
#   Decrease number of Java threads
#   Decrease Java thread stack sizes (-Xss)
#   Set larger code cache with -XX:ReservedCodeCacheSize=
# This output file may be truncated or incomplete.
#
#  Out of Memory Error (allocation.cpp:390), pid=3832, tid=12740
#
# JRE version: Java(TM) SE Runtime Environment (8.0_73-b02) (build 1.8.0_73-b02)
# Java VM: Java HotSpot(TM) 64-Bit Server VM (25.73-b02 mixed mode windows-amd64 compressed oops)
# Failed to write core dump. Minidumps are not enabled by default on client versions of Windows
#

---------------  T H R E A D  ---------------

Current thread (0x0000000015d81000):  JavaThread "C2 CompilerThread0" daemon [_thread_in_native, id=12740, stack(0x00000000176c0000,0x00000000177c0000)]

Stack: [0x00000000176c0000,0x00000000177c0000]
[error occurred during error reporting (printing stack bounds), id 0xc0000005]

Native frames: (J=compiled Java code, j=interpreted, Vv=VM code, C=native code)


Current CompileTask:
C2:  11898 2901       4       org.apache.xerces.impl.XMLDTDScannerImpl::scanEntityDecl (976 bytes)


---------------  P R O C E S S  ---------------

Java Threads: ( => current thread )
  0x00000000181aa800 JavaThread "File lock request listener" [_thread_in_native, id=21040, stack(0x000000001b4d0000,0x000000001b5d0000)]
  0x00000000189f0800 JavaThread "Stdin handler" [_thread_blocked, id=5100, stack(0x000000001a000000,0x000000001a100000)]
  0x00000000189d3800 JavaThread "Asynchronous log dispatcher for org.gradle.launcher.daemon.server.DefaultDaemonConnection@6f9feaa9" [_thread_blocked, id=19612, stack(0x0000000019f00000,0x000000001a000000)]
  0x00000000187f8000 JavaThread "Daemon worker" [_thread_in_native, id=10104, stack(0x0000000019c00000,0x0000000019d00000)]
  0x00000000187ed000 JavaThread "Cancel handler" [_thread_blocked, id=18456, stack(0x0000000019b00000,0x0000000019c00000)]
  0x00000000187e4000 JavaThread "Handler for socket connection from /127.0.0.1:14914 to /127.0.0.1:14915" [_thread_in_native, id=6584, stack(0x0000000019a00000,0x0000000019b00000)]
  0x00000000187e3000 JavaThread "Daemon" [_thread_blocked, id=11476, stack(0x0000000019900000,0x0000000019a00000)]
  0x0000000018bff800 JavaThread "Incoming local TCP Connector on port 14914" [_thread_in_native, id=8520, stack(0x0000000019530000,0x0000000019630000)]
  0x00000000186e2000 JavaThread "pool-1-thread-1" [_thread_blocked, id=8332, stack(0x00000000183c0000,0x00000000184c0000)]
  0x0000000015dcd000 JavaThread "Service Thread" daemon [_thread_blocked, id=1160, stack(0x00000000179c0000,0x0000000017ac0000)]
  0x0000000015d91000 JavaThread "C1 CompilerThread2" daemon [_thread_blocked, id=20708, stack(0x00000000178c0000,0x00000000179c0000)]
  0x0000000015d8e000 JavaThread "C2 CompilerThread1" daemon [_thread_in_native, id=7824, stack(0x00000000177c0000,0x00000000178c0000)]
=>0x0000000015d81000 JavaThread "C2 CompilerThread0" daemon [_thread_in_native, id=12740, stack(0x00000000176c0000,0x00000000177c0000)]
  0x0000000015d80000 JavaThread "Attach Listener" daemon [_thread_blocked, id=11364, stack(0x00000000175c0000,0x00000000176c0000)]
  0x0000000017103800 JavaThread "Signal Dispatcher" daemon [_thread_blocked, id=5188, stack(0x00000000174c0000,0x00000000175c0000)]
  0x0000000003699000 JavaThread "Finalizer" daemon [_thread_blocked, id=10552, stack(0x0000000016fc0000,0x00000000170c0000)]
  0x0000000015d39000 JavaThread "Reference Handler" daemon [_thread_blocked, id=19888, stack(0x0000000016ec0000,0x0000000016fc0000)]
  0x00000000035a2800 JavaThread "main" [_thread_blocked, id=7012, stack(0x0000000003420000,0x0000000003520000)]

Other Threads:
  0x0000000015d37800 VMThread [stack: 0x0000000016dc0000,0x0000000016ec0000] [id=7976]
  0x000000001719b000 WatcherThread [stack: 0x0000000017ac0000,0x0000000017bc0000] [id=7848]

VM state:not at safepoint (normal execution)

VM Mutex/Monitor currently owned by a thread: None

Heap:
 PSYoungGen      total 64000K, used 23470K [0x00000000eab00000, 0x00000000f2000000, 0x0000000100000000)
  eden space 59392K, 31% used [0x00000000eab00000,0x00000000ebd6f098,0x00000000ee500000)
  from space 4608K, 99% used [0x00000000ee500000,0x00000000ee97c948,0x00000000ee980000)
  to   space 10240K, 0% used [0x00000000f1600000,0x00000000f1600000,0x00000000f2000000)
 ParOldGen       total 50688K, used 12509K [0x00000000c0000000, 0x00000000c3180000, 0x00000000eab00000)
  object space 50688K, 24% used [0x00000000c0000000,0x00000000c0c376d8,0x00000000c3180000)
 Metaspace       used 28414K, capacity 29020K, committed 29312K, reserved 1075200K
  class space    used 3955K, capacity 4136K, committed 4224K, reserved 1048576K

Card table byte_map: [0x0000000012a60000,0x0000000012c70000] byte_map_base: 0x0000000012460000

Marking Bits: (ParMarkBitMap*) 0x00000000710b0600
 Begin Bits: [0x00000000131d0000, 0x00000000141d0000)
 End Bits:   [0x00000000141d0000, 0x00000000151d0000)

Polling page: 0x00000000014c0000

CodeCache: size=245760Kb used=11092Kb max_used=11105Kb free=234667Kb
 bounds [0x00000000036a0000, 0x0000000004190000, 0x00000000126a0000]
 total_blobs=3539 nmethods=2894 adapters=557
 compilation: enabled

Compilation events (10 events):
Event: 11.862 Thread 0x0000000015d91000 2947       3       org.apache.xerces.dom.AttributeMap::setNamedItem (309 bytes)
Event: 11.864 Thread 0x0000000015d91000 nmethod 2947 0x000000000417ed90 code [0x000000000417f140, 0x0000000004181338]
Event: 11.865 Thread 0x0000000015d91000 2948       3       org.apache.xerces.dom.NodeImpl::getOwnerDocument (23 bytes)
Event: 11.865 Thread 0x0000000015d91000 nmethod 2948 0x0000000003a9d190 code [0x0000000003a9d320, 0x0000000003a9d7c8]
Event: 11.867 Thread 0x0000000015d91000 2949       3       org.apache.xerces.dom.DeferredAttrImpl::synchronizeData (86 bytes)
Event: 11.868 Thread 0x0000000015d91000 nmethod 2949 0x0000000003851050 code [0x0000000003851260, 0x0000000003851fa8]
Event: 11.868 Thread 0x0000000015d91000 2950       3       org.apache.xerces.dom.DocumentImpl::setAttrNode (40 bytes)
Event: 11.869 Thread 0x0000000015d91000 nmethod 2950 0x00000000037a0510 code [0x00000000037a06a0, 0x00000000037a0bc8]
Event: 11.879 Thread 0x0000000015d91000 2951       3       java.util.regex.Pattern$Slice::<init> (6 bytes)
Event: 11.880 Thread 0x0000000015d91000 nmethod 2951 0x00000000037f2dd0 code [0x00000000037f2f40, 0x00000000037f31f0]

GC Heap History (10 events):
Event: 4.547 GC heap before
{Heap before GC invocations=4 (full 0):
 PSYoungGen      total 34304K, used 34297K [0x00000000eab00000, 0x00000000eee00000, 0x0000000100000000)
  eden space 29696K, 100% used [0x00000000eab00000,0x00000000ec800000,0x00000000ec800000)
  from space 4608K, 99% used [0x00000000ec800000,0x00000000ecc7e640,0x00000000ecc80000)
  to   space 4608K, 0% used [0x00000000ee980000,0x00000000ee980000,0x00000000eee00000)
 ParOldGen       total 77824K, used 5324K [0x00000000c0000000, 0x00000000c4c00000, 0x00000000eab00000)
  object space 77824K, 6% used [0x00000000c0000000,0x00000000c05331b8,0x00000000c4c00000)
 Metaspace       used 20576K, capacity 21002K, committed 21120K, reserved 1067008K
  class space    used 2718K, capacity 2861K, committed 2944K, reserved 1048576K
Event: 4.560 GC heap after
Heap after GC invocations=4 (full 0):
 PSYoungGen      total 64000K, used 4601K [0x00000000eab00000, 0x00000000eee00000, 0x0000000100000000)
  eden space 59392K, 0% used [0x00000000eab00000,0x00000000eab00000,0x00000000ee500000)
  from space 4608K, 99% used [0x00000000ee980000,0x00000000eedfe620,0x00000000eee00000)
  to   space 4608K, 0% used [0x00000000ee500000,0x00000000ee500000,0x00000000ee980000)
 ParOldGen       total 77824K, used 9479K [0x00000000c0000000, 0x00000000c4c00000, 0x00000000eab00000)
  object space 77824K, 12% used [0x00000000c0000000,0x00000000c0941fb0,0x00000000c4c00000)
 Metaspace       used 20576K, capacity 21002K, committed 21120K, reserved 1067008K
  class space    used 2718K, capacity 2861K, committed 2944K, reserved 1048576K
}
Event: 4.614 GC heap before
{Heap before GC invocations=5 (full 0):
 PSYoungGen      total 64000K, used 8961K [0x00000000eab00000, 0x00000000eee00000, 0x0000000100000000)
  eden space 59392K, 7% used [0x00000000eab00000,0x00000000eaf41fe0,0x00000000ee500000)
  from space 4608K, 99% used [0x00000000ee980000,0x00000000eedfe620,0x00000000eee00000)
  to   space 4608K, 0% used [0x00000000ee500000,0x00000000ee500000,0x00000000ee980000)
 ParOldGen       total 77824K, used 9479K [0x00000000c0000000, 0x00000000c4c00000, 0x00000000eab00000)
  object space 77824K, 12% used [0x00000000c0000000,0x00000000c0941fb0,0x00000000c4c00000)
 Metaspace       used 20806K, capacity 21226K, committed 21296K, reserved 1067008K
  class space    used 2766K, capacity 2893K, committed 2944K, reserved 1048576K
Event: 4.632 GC heap after
Heap after GC invocations=5 (full 0):
 PSYoungGen      total 64000K, used 4585K [0x00000000eab00000, 0x00000000eee00000, 0x0000000100000000)
  eden space 59392K, 0% used [0x00000000eab00000,0x00000000eab00000,0x00000000ee500000)
  from space 4608K, 99% used [0x00000000ee500000,0x00000000ee97a650,0x00000000ee980000)
  to   space 4608K, 0% used [0x00000000ee980000,0x00000000ee980000,0x00000000eee00000)
 ParOldGen       total 77824K, used 9793K [0x00000000c0000000, 0x00000000c4c00000, 0x00000000eab00000)
  object space 77824K, 12% used [0x00000000c0000000,0x00000000c0990760,0x00000000c4c00000)
 Metaspace       used 20806K, capacity 21226K, committed 21296K, reserved 1067008K
  class space    used 2766K, capacity 2893K, committed 2944K, reserved 1048576K
}
Event: 4.632 GC heap before
{Heap before GC invocations=6 (full 1):
 PSYoungGen      total 64000K, used 4585K [0x00000000eab00000, 0x00000000eee00000, 0x0000000100000000)
  eden space 59392K, 0% used [0x00000000eab00000,0x00000000eab00000,0x00000000ee500000)
  from space 4608K, 99% used [0x00000000ee500000,0x00000000ee97a650,0x00000000ee980000)
  to   space 4608K, 0% used [0x00000000ee980000,0x00000000ee980000,0x00000000eee00000)
 ParOldGen       total 77824K, used 9793K [0x00000000c0000000, 0x00000000c4c00000, 0x00000000eab00000)
  object space 77824K, 12% used [0x00000000c0000000,0x00000000c0990760,0x00000000c4c00000)
 Metaspace       used 20806K, capacity 21226K, committed 21296K, reserved 1067008K
  class space    used 2766K, capacity 2893K, committed 2944K, reserved 1048576K
Event: 4.724 GC heap after
Heap after GC invocations=6 (full 1):
 PSYoungGen      total 64000K, used 0K [0x00000000eab00000, 0x00000000eee00000, 0x0000000100000000)
  eden space 59392K, 0% used [0x00000000eab00000,0x00000000eab00000,0x00000000ee500000)
  from space 4608K, 0% used [0x00000000ee500000,0x00000000ee500000,0x00000000ee980000)
  to   space 4608K, 0% used [0x00000000ee980000,0x00000000ee980000,0x00000000eee00000)
 ParOldGen       total 50688K, used 8312K [0x00000000c0000000, 0x00000000c3180000, 0x00000000eab00000)
  object space 50688K, 16% used [0x00000000c0000000,0x00000000c081e088,0x00000000c3180000)
 Metaspace       used 20806K, capacity 21226K, committed 21296K, reserved 1067008K
  class space    used 2766K, capacity 2893K, committed 2944K, reserved 1048576K
}
Event: 7.590 GC heap before
{Heap before GC invocations=7 (full 1):
 PSYoungGen      total 64000K, used 59392K [0x00000000eab00000, 0x00000000eee00000, 0x0000000100000000)
  eden space 59392K, 100% used [0x00000000eab00000,0x00000000ee500000,0x00000000ee500000)
  from space 4608K, 0% used [0x00000000ee500000,0x00000000ee500000,0x00000000ee980000)
  to   space 4608K, 0% used [0x00000000ee980000,0x00000000ee980000,0x00000000eee00000)
 ParOldGen       total 50688K, used 8312K [0x00000000c0000000, 0x00000000c3180000, 0x00000000eab00000)
  object space 50688K, 16% used [0x00000000c0000000,0x00000000c081e088,0x00000000c3180000)
 Metaspace       used 25545K, capacity 26084K, committed 26368K, reserved 1071104K
  class space    used 3569K, capacity 3716K, committed 3840K, reserved 1048576K
Event: 7.603 GC heap after
Heap after GC invocations=7 (full 1):
 PSYoungGen      total 64000K, used 4578K [0x00000000eab00000, 0x00000000eee00000, 0x0000000100000000)
  eden space 59392K, 0% used [0x00000000eab00000,0x00000000eab00000,0x00000000ee500000)
  from space 4608K, 99% used [0x00000000ee980000,0x00000000eedf8890,0x00000000eee00000)
  to   space 4608K, 0% used [0x00000000ee500000,0x00000000ee500000,0x00000000ee980000)
 ParOldGen       total 50688K, used 10886K [0x00000000c0000000, 0x00000000c3180000, 0x00000000eab00000)
  object space 50688K, 21% used [0x00000000c0000000,0x00000000c0aa1a10,0x00000000c3180000)
 Metaspace       used 25545K, capacity 26084K, committed 26368K, reserved 1071104K
  class space    used 3569K, capacity 3716K, committed 3840K, reserved 1048576K
}
Event: 11.431 GC heap before
{Heap before GC invocations=8 (full 1):
 PSYoungGen      total 64000K, used 63970K [0x00000000eab00000, 0x00000000eee00000, 0x0000000100000000)
  eden space 59392K, 100% used [0x00000000eab00000,0x00000000ee500000,0x00000000ee500000)
  from space 4608K, 99% used [0x00000000ee980000,0x00000000eedf8890,0x00000000eee00000)
  to   space 4608K, 0% used [0x00000000ee500000,0x00000000ee500000,0x00000000ee980000)
 ParOldGen       total 50688K, used 10886K [0x00000000c0000000, 0x00000000c3180000, 0x00000000eab00000)
  object space 50688K, 21% used [0x00000000c0000000,0x00000000c0aa1a10,0x00000000c3180000)
 Metaspace       used 28305K, capacity 28892K, committed 29056K, reserved 1075200K
  class space    used 3952K, capacity 4136K, committed 4224K, reserved 1048576K
Event: 11.439 GC heap after
Heap after GC invocations=8 (full 1):
 PSYoungGen      total 64000K, used 4594K [0x00000000eab00000, 0x00000000f2000000, 0x0000000100000000)
  eden space 59392K, 0% used [0x00000000eab00000,0x00000000eab00000,0x00000000ee500000)
  from space 4608K, 99% used [0x00000000ee500000,0x00000000ee97c948,0x00000000ee980000)
  to   space 10240K, 0% used [0x00000000f1600000,0x00000000f1600000,0x00000000f2000000)
 ParOldGen       total 50688K, used 12509K [0x00000000c0000000, 0x00000000c3180000, 0x00000000eab00000)
  object space 50688K, 24% used [0x00000000c0000000,0x00000000c0c376d8,0x00000000c3180000)
 Metaspace       used 28305K, capacity 28892K, committed 29056K, reserved 1075200K
  class space    used 3952K, capacity 4136K, committed 4224K, reserved 1048576K
}

Deoptimization events (10 events):
Event: 10.664 Thread 0x00000000187f8000 Uncommon trap: reason=unstable_if action=reinterpret pc=0x0000000003f9f50c method=org.apache.xerces.dom.ParentNode.nodeListGetLength()I @ 22
Event: 11.116 Thread 0x00000000187f8000 Uncommon trap: reason=unstable_if action=reinterpret pc=0x00000000040739b0 method=org.apache.xerces.parsers.AbstractDOMParser.characters(Lorg/apache/xerces/xni/XMLString;Lorg/apache/xerces/xni/Augmentations;)V @ 266
Event: 11.401 Thread 0x00000000187f8000 Uncommon trap: reason=unstable_if action=reinterpret pc=0x0000000004039c38 method=org.apache.xerces.impl.XMLEntityScanner.skipSpaces()Z @ 70
Event: 11.401 Thread 0x00000000187f8000 Uncommon trap: reason=unstable_if action=reinterpret pc=0x000000000406d51c method=org.apache.xerces.impl.XMLEntityScanner.scanContent(Lorg/apache/xerces/xni/XMLString;)I @ 134
Event: 11.403 Thread 0x00000000187f8000 Uncommon trap: reason=unstable_if action=reinterpret pc=0x0000000004024104 method=org.apache.xerces.impl.XMLEntityScanner.skipSpaces()Z @ 70
Event: 11.463 Thread 0x00000000187f8000 Uncommon trap: reason=unstable_if action=reinterpret pc=0x00000000040de654 method=org.apache.xerces.impl.XMLEntityScanner.scanData(Ljava/lang/String;Lorg/apache/xerces/util/XMLStringBuffer;)Z @ 332
Event: 11.463 Thread 0x00000000187f8000 Uncommon trap: reason=unstable_if action=reinterpret pc=0x00000000040148a8 method=org.apache.xerces.impl.XMLEntityScanner.peekChar()I @ 53
Event: 11.464 Thread 0x00000000187f8000 Uncommon trap: reason=unstable_if action=reinterpret pc=0x000000000408dab0 method=org.apache.xerces.impl.XMLEntityScanner.scanData(Ljava/lang/String;Lorg/apache/xerces/util/XMLStringBuffer;)Z @ 937
Event: 11.576 Thread 0x00000000187f8000 Uncommon trap: reason=unstable_if action=reinterpret pc=0x000000000413dc00 method=org.apache.xerces.impl.XMLEntityScanner.scanContent(Lorg/apache/xerces/xni/XMLString;)I @ 684
Event: 11.759 Thread 0x00000000187f8000 Uncommon trap: reason=unstable_if action=reinterpret pc=0x00000000040099d0 method=org.apache.xerces.impl.io.UTF8Reader.read([CII)I @ 123

Internal exceptions (10 events):
Event: 6.282 Thread 0x00000000187f8000 Exception <a 'java/lang/ClassNotFoundException': org/gradle/tooling/provider/model/internal/DefaultToolingModelBuilderRegistryCustomizer> (0x00000000ecd8cea0) thrown at [D:\re\puppet\workspace\8-2-build-windows-amd64-cygwin\jdk8u73\6086\hotspot\src\share\v
Event: 6.900 Thread 0x00000000187f8000 Exception <a 'java/lang/ClassNotFoundException': build_c2lf0zkmioiey1r6ojqk4c91mBeanInfo> (0x00000000ed1b5e00) thrown at [D:\re\puppet\workspace\8-2-build-windows-amd64-cygwin\jdk8u73\6086\hotspot\src\share\vm\classfile\systemDictionary.cpp, line 210]
Event: 6.900 Thread 0x00000000187f8000 Exception <a 'java/lang/ClassNotFoundException': org/gradle/api/internal/project/ProjectScriptBeanInfo> (0x00000000ed1c54f8) thrown at [D:\re\puppet\workspace\8-2-build-windows-amd64-cygwin\jdk8u73\6086\hotspot\src\share\vm\classfile\systemDictionary.cpp, Úëƒ’Nš@
Event: 6.901 Thread 0x00000000187f8000 Exception <a 'java/lang/ClassNotFoundException': org/gradle/api/internal/project/ProjectScriptCustomizer> (0x00000000ed1d4fa0) thrown at [D:\re\puppet\workspace\8-2-build-windows-amd64-cygwin\jdk8u73\6086\hotspot\src\share\vm\classfile\systemDictionary.cppƒ•û¬¤@
Event: 6.911 Thread 0x00000000187f8000 Exception <a 'java/lang/ClassNotFoundException': build_c2lf0zkmioiey1r6ojqk4c91mCustomizer> (0x00000000ed1f3258) thrown at [D:\re\puppet\workspace\8-2-build-windows-amd64-cygwin\jdk8u73\6086\hotspot\src\share\vm\classfile\systemDictionary.cpp, line 210]
Event: 7.326 Thread 0x00000000187f8000 Exception <a 'java/lang/ClassNotFoundException': org/gradle/api/internal/artifacts/dsl/dependencies/DefaultDependencyHandler_DecoratedBeanInfo> (0x00000000edbfe2b8) thrown at [D:\re\puppet\workspace\8-2-build-windows-amd64-cygwin\jdk8u73\6086\hotspot\src\sß;¬ýN@
Event: 7.327 Thread 0x00000000187f8000 Exception <a 'java/lang/ClassNotFoundException': org/gradle/api/internal/artifacts/dsl/dependencies/DefaultDependencyHandlerBeanInfo> (0x00000000edc295c8) thrown at [D:\re\puppet\workspace\8-2-build-windows-amd64-cygwin\jdk8u73\6086\hotspot\src\share\vm\clÉž9þO@
Event: 7.328 Thread 0x00000000187f8000 Exception <a 'java/lang/ClassNotFoundException': org/gradle/api/internal/artifacts/dsl/dependencies/DefaultDependencyHandlerCustomizer> (0x00000000edc54db0) thrown at [D:\re\puppet\workspace\8-2-build-windows-amd64-cygwin\jdk8u73\6086\hotspot\src\share\vm\âútº€W@
Event: 7.335 Thread 0x00000000187f8000 Exception <a 'java/lang/ClassNotFoundException': org/gradle/api/internal/artifacts/dsl/dependencies/DefaultDependencyHandler_DecoratedCustomizer> (0x00000000edc94208) thrown at [D:\re\puppet\workspace\8-2-build-windows-amd64-cygwin\jdk8u73\6086\hotspot\src«h<¢°[ @
Event: 8.179 Thread 0x00000000187f8000 Implicit null exception at 0x0000000003b60d22 to 0x0000000003b611fd

Events (10 events):
Event: 11.842 Thread 0x00000000187f8000 DEOPT PACKING pc=0x00000000037d28f5 sp=0x0000000019cf9300
Event: 11.842 Thread 0x00000000187f8000 DEOPT UNPACKING pc=0x00000000036e787f sp=0x0000000019cf90a8 mode 0
Event: 11.857 Thread 0x00000000187f8000 DEOPT PACKING pc=0x00000000037d28f5 sp=0x0000000019cf9640
Event: 11.858 Thread 0x00000000187f8000 DEOPT UNPACKING pc=0x00000000036e787f sp=0x0000000019cf93e8 mode 0
Event: 11.884 Thread 0x00000000187f8000 DEOPT PACKING pc=0x00000000037d28f5 sp=0x0000000019cfa400
Event: 11.884 Thread 0x00000000187f8000 DEOPT UNPACKING pc=0x00000000036e787f sp=0x0000000019cfa1a8 mode 0
Event: 11.888 Thread 0x00000000187f8000 DEOPT PACKING pc=0x00000000037d28f5 sp=0x0000000019cfa3c0
Event: 11.888 Thread 0x00000000187f8000 DEOPT UNPACKING pc=0x00000000036e787f sp=0x0000000019cfa168 mode 0
Event: 11.889 Thread 0x00000000187f8000 DEOPT PACKING pc=0x00000000037d28f5 sp=0x0000000019cfa3a0
Event: 11.889 Thread 0x00000000187f8000 DEOPT UNPACKING pc=0x00000000036e787f sp=0x0000000019cfa148 mode 0


Dynamic libraries:
0x00007ff706810000 - 0x00007ff706847000 	C:\Program Files\Java\jdk1.8.0_73\bin\java.exe
0x00007ff97a8e0000 - 0x00007ff97aab1000 	C:\WINDOWS\SYSTEM32\ntdll.dll
0x00007ff978510000 - 0x00007ff9785bc000 	C:\WINDOWS\System32\KERNEL32.DLL
0x00007ff977c50000 - 0x00007ff977e6d000 	C:\WINDOWS\System32\KERNELBASE.dll
0x00007ff97a0b0000 - 0x00007ff97a152000 	C:\WINDOWS\System32\ADVAPI32.dll
0x00007ff977e70000 - 0x00007ff977f0e000 	C:\WINDOWS\System32\msvcrt.dll
0x00007ff978910000 - 0x00007ff978969000 	C:\WINDOWS\System32\sechost.dll
0x00007ff979ee0000 - 0x00007ff97a001000 	C:\WINDOWS\System32\RPCRT4.dll
0x00007ff9785c0000 - 0x00007ff978725000 	C:\WINDOWS\System32\USER32.dll
0x00007ff9777b0000 - 0x00007ff9777ce000 	C:\WINDOWS\System32\win32u.dll
0x00007ff9788d0000 - 0x00007ff978904000 	C:\WINDOWS\System32\GDI32.dll
0x00007ff976ed0000 - 0x00007ff977052000 	C:\WINDOWS\System32\gdi32full.dll
0x00007ff9680e0000 - 0x00007ff96835a000 	C:\WINDOWS\WinSxS\amd64_microsoft.windows.common-controls_6595b64144ccf1df_6.0.14393.953_none_42151e83c686086b\COMCTL32.dll
0x00007ff978240000 - 0x00007ff978508000 	C:\WINDOWS\System32\combase.dll
0x00007ff976dd0000 - 0x00007ff976ec5000 	C:\WINDOWS\System32\ucrtbase.dll
0x00007ff977740000 - 0x00007ff9777aa000 	C:\WINDOWS\System32\bcryptPrimitives.dll
0x00007ff97a070000 - 0x00007ff97a09e000 	C:\WINDOWS\System32\IMM32.DLL
0x0000000071130000 - 0x0000000071202000 	C:\Program Files\Java\jdk1.8.0_73\jre\bin\msvcr100.dll
0x00000000708a0000 - 0x0000000071130000 	C:\Program Files\Java\jdk1.8.0_73\jre\bin\server\jvm.dll
0x00007ff97a0a0000 - 0x00007ff97a0a8000 	C:\WINDOWS\System32\PSAPI.DLL
0x00007ff9750e0000 - 0x00007ff975103000 	C:\WINDOWS\SYSTEM32\WINMM.dll
0x00007ff966b70000 - 0x00007ff966b7a000 	C:\WINDOWS\SYSTEM32\VERSION.dll
0x00007ff966bb0000 - 0x00007ff966bb9000 	C:\WINDOWS\SYSTEM32\WSOCK32.dll
0x00007ff97a850000 - 0x00007ff97a8ba000 	C:\WINDOWS\System32\WS2_32.dll
0x00007ff975030000 - 0x00007ff97505b000 	C:\WINDOWS\SYSTEM32\WINMMBASE.dll
0x00007ff977980000 - 0x00007ff9779c2000 	C:\WINDOWS\System32\cfgmgr32.dll
0x0000000070890000 - 0x000000007089f000 	C:\Program Files\Java\jdk1.8.0_73\jre\bin\verify.dll
0x0000000070860000 - 0x0000000070889000 	C:\Program Files\Java\jdk1.8.0_73\jre\bin\java.dll
0x0000000070840000 - 0x0000000070856000 	C:\Program Files\Java\jdk1.8.0_73\jre\bin\zip.dll
0x00007ff978970000 - 0x00007ff979e78000 	C:\WINDOWS\System32\SHELL32.dll
0x00007ff977060000 - 0x00007ff97773a000 	C:\WINDOWS\System32\windows.storage.dll
0x00007ff976d70000 - 0x00007ff976dbc000 	C:\WINDOWS\System32\powrprof.dll
0x00007ff97a600000 - 0x00007ff97a652000 	C:\WINDOWS\System32\shlwapi.dll
0x00007ff976d40000 - 0x00007ff976d4f000 	C:\WINDOWS\System32\kernel.appcore.dll
0x00007ff9777d0000 - 0x00007ff977879000 	C:\WINDOWS\System32\shcore.dll
0x00007ff976d50000 - 0x00007ff976d64000 	C:\WINDOWS\System32\profapi.dll
0x0000000070820000 - 0x000000007083a000 	C:\Program Files\Java\jdk1.8.0_73\jre\bin\net.dll
0x00007ff976610000 - 0x00007ff97666c000 	C:\WINDOWS\system32\mswsock.dll
0x0000000070800000 - 0x0000000070811000 	C:\Program Files\Java\jdk1.8.0_73\jre\bin\nio.dll
0x00007ff966070000 - 0x00007ff966082000 	C:\Users\jpd\.gradle\native\19\windows-amd64\native-platform.dll
0x00007ff9767b0000 - 0x00007ff9767c7000 	C:\WINDOWS\SYSTEM32\CRYPTSP.dll
0x00007ff976210000 - 0x00007ff976243000 	C:\WINDOWS\system32\rsaenh.dll
0x00007ff976c80000 - 0x00007ff976cab000 	C:\WINDOWS\SYSTEM32\bcrypt.dll
0x00007ff976490000 - 0x00007ff9764af000 	C:\WINDOWS\SYSTEM32\USERENV.dll
0x00007ff976c70000 - 0x00007ff976c7b000 	C:\WINDOWS\SYSTEM32\CRYPTBASE.dll
0x00007ff976390000 - 0x00007ff9763c8000 	C:\WINDOWS\SYSTEM32\IPHLPAPI.DLL
0x00007ff9780d0000 - 0x00007ff9780d8000 	C:\WINDOWS\System32\NSI.dll
0x00007ff971fb0000 - 0x00007ff971fc6000 	C:\WINDOWS\SYSTEM32\dhcpcsvc6.DLL
0x00007ff9726f0000 - 0x00007ff97270a000 	C:\WINDOWS\SYSTEM32\dhcpcsvc.DLL
0x00000000707f0000 - 0x00000000707fd000 	C:\Program Files\Java\jdk1.8.0_73\jre\bin\management.dll

VM Arguments:
jvm_args: -XX:MaxPermSize=256m -XX:+HeapDumpOnOutOfMemoryError -Xmx1024m -Dfile.encoding=x-windows-949 -Duser.country=KR -Duser.language=ko -Duser.variant 
java_command: org.gradle.launcher.daemon.bootstrap.GradleDaemon 2.14.1
java_class_path (initial): C:\Program Files\Android\Android Studio\gradle\gradle-2.14.1\lib\gradle-launcher-2.14.1.jar
Launcher Type: SUN_STANDARD

Environment Variables:
JAVA_HOME=C:\Program Files\Java\jdk1.8.0_73
PATH=C:\oraclexe\app\oracle\product\11.2.0\server\bin;;C:\ProgramData\Oracle\Java\javapath;C:\oraclexe\app\oracle\product\11.2.0\server\bin;C:\Program Files (x86)\Intel\iCLS Client\;C:\Program Files\Intel\iCLS Client\;C:\WINDOWS\system32;C:\WINDOWS;C:\WINDOWS\System32\Wbem;C:\WINDOWS\System32\WindowsPowerShell\v1.0\;C:\Program Files (x86)\Intel\Intel(R) Management Engine Components\DAL;C:\Program Files\Intel\Intel(R) Management Engine Components\DAL;C:\Program Files (x86)\Intel\Intel(R) Management Engine Components\IPT;C:\Program Files\Java\jdk1.8.0_73\bin;C:\Program Files\Intel\Intel(R) Management Engine Components\IPT;C:\Program Files\Java\jdk1.8.0_73\bin;C:\Program Files (x86)\Windows Live\Shared;C:\Program Files\Intel\WiFi\bin\;C:\Program Files\Common Files\Intel\WirelessCommon\;C:\Program Files (x86)\GtkSharp\2.12\bin;C:\Program Files\nodejs\;C:\Program Files\Microsoft SQL Server\130\Tools\Binn\;C:\Bitnami\wampstack-5.6.29-0\php;C:\ProgramData\ComposerSetup\bin;C:\Program Files\Git\cmd;C:\Program Files (x86)\PuTTY\;C:\cygwin64\bin;C:\Program Files (x86)\Windows Kits\8.1\Windows Performance Toolkit\;C:\Program Files (x86)\Skype\Phone\;C:\Users\jpd\AppData\Local\Programs\Python\Python35\Scripts\;C:\Users\jpd\AppData\Local\Programs\Python\Python35\;C:\Users\jpd\AppData\Local\Programs\Python\Python35-32\Scripts\;C:\Users\jpd\AppData\Local\Programs\Python\Python35-32\;C:\Program Files\Intel\WiFi\bin\;C:\Program Files\Common Files\Intel\WirelessCommon\;C:\Program Files (x86)\Java\jre1.8.0_71\bin;C:\Program Files\Java\jdk1.8.0_73\bin;C:\apache-maven-3.3.9\bin;C:\Users\jpd\AppData\Roaming\npm;C:\Program Files (x86)\Microsoft VS Code\bin;C:\Program Files\MongoDB\Server\3.2\bin;C:\Users\jpd\AppData\Local\Microsoft\WindowsApps;C:\Program Files\Bandizip\7z;C:\Users\jpd\AppData\Local\atom\bin;C:\Users\jpd\AppData\Roaming\Composer\vendor\bin;C:\cygwin64\bin
USERNAME=jpd
OS=Windows_NT
PROCESSOR_IDENTIFIER=Intel64 Family 6 Model 78 Stepping 3, GenuineIntel



---------------  S Y S T E M  ---------------

OS: Windows 10.0 , 64 bit Build 14393 (10.0.14393.1198)

CPU:total 4 (2 cores per cpu, 2 threads per core) family 6 model 78 stepping 3, cmov, cx8, fxsr, mmx, sse, sse2, sse3, ssse3, sse4.1, sse4.2, popcnt, avx, avx2, aes, clmul, erms, rtm, 3dnowpref, lzcnt, ht, tsc, tscinvbit, bmi1, bmi2, adx

Memory: 4k page, physical 7424844k(1027700k free), swap 16734012k(5176k free)

vm_info: Java HotSpot(TM) 64-Bit Server VM (25.73-b02) for windows-amd64 JRE (1.8.0_73-b02), built on Jan 29 2016 17:38:49 by "java_re" with MS VC++ 10.0 (VS2010)

time: Sat Jun 17 15:02:00 2017
elapsed time: 11 seconds (0d 0h 0m 11s)

