#
# There is insufficient memory for the Java Runtime Environment to continue.
# Native memory allocation (malloc) failed to allocate 1796016 bytes for Chunk::new
# Possible reasons:
#   The system is out of physical RAM or swap space
#   In 32 bit mode, the process size limit was hit
# Possible solutions:
#   Reduce memory load on the system
#   Increase physical memory or swap space
#   Check if swap backing store is full
#   Use 64 bit Java on a 64 bit OS
#   Decrease Java heap size (-Xmx/-Xms)
#   Decrease number of Java threads
#   Decrease Java thread stack sizes (-Xss)
#   Set larger code cache with -XX:ReservedCodeCacheSize=
# This output file may be truncated or incomplete.
#
#  Out of Memory Error (allocation.cpp:390), pid=7440, tid=15596
#
# JRE version: Java(TM) SE Runtime Environment (8.0_73-b02) (build 1.8.0_73-b02)
# Java VM: Java HotSpot(TM) 64-Bit Server VM (25.73-b02 mixed mode windows-amd64 compressed oops)
# Failed to write core dump. Minidumps are not enabled by default on client versions of Windows
#

---------------  T H R E A D  ---------------

Current thread (0x00000000165d7000):  JavaThread "C2 CompilerThread1" daemon [_thread_in_native, id=15596, stack(0x0000000016980000,0x0000000016a80000)]

Stack: [0x0000000016980000,0x0000000016a80000]
[error occurred during error reporting (printing stack bounds), id 0xc0000005]

Native frames: (J=compiled Java code, j=interpreted, Vv=VM code, C=native code)


Current CompileTask:
C2:   9854 1867       4       org.codehaus.groovy.runtime.metaclass.MetaMethodIndex::addMethodToList (290 bytes)


---------------  P R O C E S S  ---------------

Java Threads: ( => current thread )
  0x0000000017eea800 JavaThread "File lock request listener" [_thread_in_native, id=20236, stack(0x000000001b630000,0x000000001b730000)]
  0x0000000017fa6800 JavaThread "Stdin handler" [_thread_blocked, id=20688, stack(0x0000000019190000,0x0000000019290000)]
  0x0000000017fa6000 JavaThread "Asynchronous log dispatcher for org.gradle.launcher.daemon.server.DefaultDaemonConnection@f0b70e9" [_thread_blocked, id=19412, stack(0x0000000019090000,0x0000000019190000)]
  0x0000000017f8c800 JavaThread "Daemon worker" [_thread_blocked, id=20024, stack(0x0000000018d90000,0x0000000018e90000)]
  0x0000000017c45800 JavaThread "Cancel handler" [_thread_blocked, id=8492, stack(0x0000000018c90000,0x0000000018d90000)]
  0x0000000017aa9000 JavaThread "Handler for socket connection from /127.0.0.1:14991 to /127.0.0.1:14992" [_thread_in_native, id=6564, stack(0x0000000018b90000,0x0000000018c90000)]
  0x0000000017ab4000 JavaThread "Daemon" [_thread_blocked, id=16180, stack(0x0000000018a90000,0x0000000018b90000)]
  0x0000000017cc8800 JavaThread "Incoming local TCP Connector on port 14991" [_thread_in_native, id=20836, stack(0x00000000186c0000,0x00000000187c0000)]
  0x00000000178ca800 JavaThread "pool-1-thread-1" [_thread_blocked, id=20952, stack(0x00000000185c0000,0x00000000186c0000)]
  0x00000000165e0800 JavaThread "Service Thread" daemon [_thread_blocked, id=9248, stack(0x0000000016b80000,0x0000000016c80000)]
  0x00000000165dd800 JavaThread "C1 CompilerThread2" daemon [_thread_blocked, id=13760, stack(0x0000000016a80000,0x0000000016b80000)]
=>0x00000000165d7000 JavaThread "C2 CompilerThread1" daemon [_thread_in_native, id=15596, stack(0x0000000016980000,0x0000000016a80000)]
  0x0000000014f0d800 JavaThread "C2 CompilerThread0" daemon [_thread_in_native, id=6864, stack(0x0000000016480000,0x0000000016580000)]
  0x0000000014f0b800 JavaThread "Attach Listener" daemon [_thread_blocked, id=10624, stack(0x0000000016380000,0x0000000016480000)]
  0x0000000014ec1000 JavaThread "Signal Dispatcher" daemon [_thread_blocked, id=6880, stack(0x0000000016280000,0x0000000016380000)]
  0x00000000023e7800 JavaThread "Finalizer" daemon [_thread_blocked, id=19816, stack(0x0000000016100000,0x0000000016200000)]
  0x00000000023df000 JavaThread "Reference Handler" daemon [_thread_blocked, id=19076, stack(0x0000000016000000,0x0000000016100000)]
  0x00000000022f2800 JavaThread "main" [_thread_blocked, id=20664, stack(0x0000000000a80000,0x0000000000b80000)]

Other Threads:
  0x0000000014e77800 VMThread [stack: 0x0000000015f00000,0x0000000016000000] [id=10432]
  0x000000001662d800 WatcherThread [stack: 0x0000000016c80000,0x0000000016d80000] [id=2356]

VM state:at safepoint (normal execution)

VM Mutex/Monitor currently owned by a thread:  ([mutex/lock_event])
[0x00000000028de000] Threads_lock - owner thread: 0x0000000014e77800
[0x00000000028dd880] Heap_lock - owner thread: 0x0000000017f8c800

Heap:
 PSYoungGen      total 64000K, used 4585K [0x00000000eab00000, 0x00000000f3400000, 0x0000000100000000)
  eden space 59392K, 0% used [0x00000000eab00000,0x00000000eab00000,0x00000000ee500000)
  from space 4608K, 99% used [0x00000000ee500000,0x00000000ee97a630,0x00000000ee980000)
  to   space 10752K, 0% used [0x00000000f2980000,0x00000000f2980000,0x00000000f3400000)
 ParOldGen       total 77824K, used 9911K [0x00000000c0000000, 0x00000000c4c00000, 0x00000000eab00000)
  object space 77824K, 12% used [0x00000000c0000000,0x00000000c09adfc8,0x00000000c4c00000)
 Metaspace       used 20802K, capacity 21232K, committed 21296K, reserved 1067008K
  class space    used 2768K, capacity 2894K, committed 2944K, reserved 1048576K

Card table byte_map: [0x0000000011ca0000,0x0000000011eb0000] byte_map_base: 0x00000000116a0000

Marking Bits: (ParMarkBitMap*) 0x00000000710b0600
 Begin Bits: [0x0000000012310000, 0x0000000013310000)
 End Bits:   [0x0000000013310000, 0x0000000014310000)

Polling page: 0x00000000005a0000

CodeCache: size=245760Kb used=7899Kb max_used=7899Kb free=237860Kb
 bounds [0x00000000028e0000, 0x00000000030a0000, 0x00000000118e0000]
 total_blobs=2567 nmethods=1940 adapters=539
 compilation: enabled

Compilation events (10 events):
Event: 9.653 Thread 0x00000000165dd800 1941       3       org.objectweb.asm.ByteVector::putInt (74 bytes)
Event: 9.653 Thread 0x00000000165dd800 nmethod 1941 0x00000000030960d0 code [0x0000000003096240, 0x00000000030964c8]
Event: 9.661 Thread 0x00000000165dd800 1943       3       org.gradle.internal.service.DefaultServiceRegistry$FactoryMethodService::<init> (25 bytes)
Event: 9.662 Thread 0x00000000165dd800 nmethod 1943 0x0000000003096690 code [0x0000000003096900, 0x0000000003097b88]
Event: 9.667 Thread 0x00000000165dd800 1944       3       sun.reflect.generics.parser.SignatureParser::parseTypeSignature (130 bytes)
Event: 9.667 Thread 0x00000000165dd800 nmethod 1944 0x0000000003098810 code [0x00000000030989a0, 0x0000000003098c48]
Event: 9.673 Thread 0x00000000165dd800 1945       3       org.gradle.internal.service.DefaultServiceRegistry$RelevantMethodsBuilder::add (31 bytes)
Event: 9.673 Thread 0x00000000165dd800 nmethod 1945 0x0000000003098d50 code [0x0000000003098ee0, 0x0000000003099368]
Event: 9.703 Thread 0x00000000165dd800 1946       3       org.gradle.internal.service.DefaultServiceRegistry$CachingProvider::getService (47 bytes)
Event: 9.705 Thread 0x00000000165dd800 nmethod 1946 0x0000000003099510 code [0x0000000003099720, 0x000000000309a298]

GC Heap History (10 events):
Event: 1.149 GC heap after
Heap after GC invocations=1 (full 0):
 PSYoungGen      total 34304K, used 3975K [0x00000000eab00000, 0x00000000ed100000, 0x0000000100000000)
  eden space 29696K, 0% used [0x00000000eab00000,0x00000000eab00000,0x00000000ec800000)
  from space 4608K, 86% used [0x00000000ec800000,0x00000000ecbe1e78,0x00000000ecc80000)
  to   space 4608K, 0% used [0x00000000ecc80000,0x00000000ecc80000,0x00000000ed100000)
 ParOldGen       total 77824K, used 8K [0x00000000c0000000, 0x00000000c4c00000, 0x00000000eab00000)
  object space 77824K, 0% used [0x00000000c0000000,0x00000000c0002000,0x00000000c4c00000)
 Metaspace       used 6204K, capacity 6476K, committed 6784K, reserved 1056768K
  class space    used 791K, capacity 836K, committed 896K, reserved 1048576K
}
Event: 3.361 GC heap before
{Heap before GC invocations=2 (full 0):
 PSYoungGen      total 34304K, used 33671K [0x00000000eab00000, 0x00000000ed100000, 0x0000000100000000)
  eden space 29696K, 100% used [0x00000000eab00000,0x00000000ec800000,0x00000000ec800000)
  from space 4608K, 86% used [0x00000000ec800000,0x00000000ecbe1e78,0x00000000ecc80000)
  to   space 4608K, 0% used [0x00000000ecc80000,0x00000000ecc80000,0x00000000ed100000)
 ParOldGen       total 77824K, used 8K [0x00000000c0000000, 0x00000000c4c00000, 0x00000000eab00000)
  object space 77824K, 0% used [0x00000000c0000000,0x00000000c0002000,0x00000000c4c00000)
 Metaspace       used 11915K, capacity 12302K, committed 12544K, reserved 1060864K
  class space    used 1602K, capacity 1727K, committed 1792K, reserved 1048576K
Event: 3.368 GC heap after
Heap after GC invocations=2 (full 0):
 PSYoungGen      total 34304K, used 4606K [0x00000000eab00000, 0x00000000ed100000, 0x0000000100000000)
  eden space 29696K, 0% used [0x00000000eab00000,0x00000000eab00000,0x00000000ec800000)
  from space 4608K, 99% used [0x00000000ecc80000,0x00000000ed0ff958,0x00000000ed100000)
  to   space 4608K, 0% used [0x00000000ec800000,0x00000000ec800000,0x00000000ecc80000)
 ParOldGen       total 77824K, used 1070K [0x00000000c0000000, 0x00000000c4c00000, 0x00000000eab00000)
  object space 77824K, 1% used [0x00000000c0000000,0x00000000c010b820,0x00000000c4c00000)
 Metaspace       used 11915K, capacity 12302K, committed 12544K, reserved 1060864K
  class space    used 1602K, capacity 1727K, committed 1792K, reserved 1048576K
}
Event: 5.821 GC heap before
{Heap before GC invocations=3 (full 0):
 PSYoungGen      total 34304K, used 34302K [0x00000000eab00000, 0x00000000ed100000, 0x0000000100000000)
  eden space 29696K, 100% used [0x00000000eab00000,0x00000000ec800000,0x00000000ec800000)
  from space 4608K, 99% used [0x00000000ecc80000,0x00000000ed0ff958,0x00000000ed100000)
  to   space 4608K, 0% used [0x00000000ec800000,0x00000000ec800000,0x00000000ecc80000)
 ParOldGen       total 77824K, used 1070K [0x00000000c0000000, 0x00000000c4c00000, 0x00000000eab00000)
  object space 77824K, 1% used [0x00000000c0000000,0x00000000c010b820,0x00000000c4c00000)
 Metaspace       used 17362K, capacity 17774K, committed 17920K, reserved 1064960K
  class space    used 2329K, capacity 2463K, committed 2560K, reserved 1048576K
Event: 5.968 GC heap after
Heap after GC invocations=3 (full 0):
 PSYoungGen      total 34304K, used 4585K [0x00000000eab00000, 0x00000000eee00000, 0x0000000100000000)
  eden space 29696K, 0% used [0x00000000eab00000,0x00000000eab00000,0x00000000ec800000)
  from space 4608K, 99% used [0x00000000ec800000,0x00000000ecc7a630,0x00000000ecc80000)
  to   space 4608K, 0% used [0x00000000ee980000,0x00000000ee980000,0x00000000eee00000)
 ParOldGen       total 77824K, used 5360K [0x00000000c0000000, 0x00000000c4c00000, 0x00000000eab00000)
  object space 77824K, 6% used [0x00000000c0000000,0x00000000c053c2b0,0x00000000c4c00000)
 Metaspace       used 17362K, capacity 17774K, committed 17920K, reserved 1064960K
  class space    used 2329K, capacity 2463K, committed 2560K, reserved 1048576K
}
Event: 9.626 GC heap before
{Heap before GC invocations=4 (full 0):
 PSYoungGen      total 34304K, used 34281K [0x00000000eab00000, 0x00000000eee00000, 0x0000000100000000)
  eden space 29696K, 100% used [0x00000000eab00000,0x00000000ec800000,0x00000000ec800000)
  from space 4608K, 99% used [0x00000000ec800000,0x00000000ecc7a630,0x00000000ecc80000)
  to   space 4608K, 0% used [0x00000000ee980000,0x00000000ee980000,0x00000000eee00000)
 ParOldGen       total 77824K, used 5360K [0x00000000c0000000, 0x00000000c4c00000, 0x00000000eab00000)
  object space 77824K, 6% used [0x00000000c0000000,0x00000000c053c2b0,0x00000000c4c00000)
 Metaspace       used 20571K, capacity 21008K, committed 21120K, reserved 1067008K
  class space    used 2718K, capacity 2862K, committed 2944K, reserved 1048576K
Event: 9.649 GC heap after
Heap after GC invocations=4 (full 0):
 PSYoungGen      total 64000K, used 4585K [0x00000000eab00000, 0x00000000eee00000, 0x0000000100000000)
  eden space 59392K, 0% used [0x00000000eab00000,0x00000000eab00000,0x00000000ee500000)
  from space 4608K, 99% used [0x00000000ee980000,0x00000000eedfa670,0x00000000eee00000)
  to   space 4608K, 0% used [0x00000000ee500000,0x00000000ee500000,0x00000000ee980000)
 ParOldGen       total 77824K, used 9584K [0x00000000c0000000, 0x00000000c4c00000, 0x00000000eab00000)
  object space 77824K, 12% used [0x00000000c0000000,0x00000000c095c310,0x00000000c4c00000)
 Metaspace       used 20571K, capacity 21008K, committed 21120K, reserved 1067008K
  class space    used 2718K, capacity 2862K, committed 2944K, reserved 1048576K
}
Event: 9.823 GC heap before
{Heap before GC invocations=5 (full 0):
 PSYoungGen      total 64000K, used 8242K [0x00000000eab00000, 0x00000000eee00000, 0x0000000100000000)
  eden space 59392K, 6% used [0x00000000eab00000,0x00000000eae92198,0x00000000ee500000)
  from space 4608K, 99% used [0x00000000ee980000,0x00000000eedfa670,0x00000000eee00000)
  to   space 4608K, 0% used [0x00000000ee500000,0x00000000ee500000,0x00000000ee980000)
 ParOldGen       total 77824K, used 9584K [0x00000000c0000000, 0x00000000c4c00000, 0x00000000eab00000)
  object space 77824K, 12% used [0x00000000c0000000,0x00000000c095c310,0x00000000c4c00000)
 Metaspace       used 20802K, capacity 21232K, committed 21296K, reserved 1067008K
  class space    used 2768K, capacity 2894K, committed 2944K, reserved 1048576K
Event: 9.840 GC heap after
Heap after GC invocations=5 (full 0):
 PSYoungGen      total 64000K, used 4585K [0x00000000eab00000, 0x00000000f3400000, 0x0000000100000000)
  eden space 59392K, 0% used [0x00000000eab00000,0x00000000eab00000,0x00000000ee500000)
  from space 4608K, 99% used [0x00000000ee500000,0x00000000ee97a630,0x00000000ee980000)
  to   space 10752K, 0% used [0x00000000f2980000,0x00000000f2980000,0x00000000f3400000)
 ParOldGen       total 77824K, used 9911K [0x00000000c0000000, 0x00000000c4c00000, 0x00000000eab00000)
  object space 77824K, 12% used [0x00000000c0000000,0x00000000c09adfc8,0x00000000c4c00000)
 Metaspace       used 20802K, capacity 21232K, committed 21296K, reserved 1067008K
  class space    used 2768K, capacity 2894K, committed 2944K, reserved 1048576K
}
Event: 9.840 GC heap before
{Heap before GC invocations=6 (full 1):
 PSYoungGen      total 64000K, used 4585K [0x00000000eab00000, 0x00000000f3400000, 0x0000000100000000)
  eden space 59392K, 0% used [0x00000000eab00000,0x00000000eab00000,0x00000000ee500000)
  from space 4608K, 99% used [0x00000000ee500000,0x00000000ee97a630,0x00000000ee980000)
  to   space 10752K, 0% used [0x00000000f2980000,0x00000000f2980000,0x00000000f3400000)
 ParOldGen       total 77824K, used 9911K [0x00000000c0000000, 0x00000000c4c00000, 0x00000000eab00000)
  object space 77824K, 12% used [0x00000000c0000000,0x00000000c09adfc8,0x00000000c4c00000)
 Metaspace       used 20802K, capacity 21232K, committed 21296K, reserved 1067008K
  class space    used 2768K, capacity 2894K, committed 2944K, reserved 1048576K

Deoptimization events (10 events):
Event: 7.083 Thread 0x0000000017f8c800 Uncommon trap: reason=bimorphic action=maybe_recompile pc=0x0000000002e212ac method=java.lang.ClassLoader.getPackage(Ljava/lang/String;)Ljava/lang/Package; @ 47
Event: 7.085 Thread 0x0000000017f8c800 Uncommon trap: reason=bimorphic action=maybe_recompile pc=0x0000000002e029c8 method=java.lang.ClassLoader.getPackage(Ljava/lang/String;)Ljava/lang/Package; @ 47
Event: 8.507 Thread 0x0000000017f8c800 Uncommon trap: reason=unstable_if action=reinterpret pc=0x0000000002b9eb80 method=java.lang.AbstractStringBuilder.append(Ljava/lang/String;)Ljava/lang/AbstractStringBuilder; @ 1
Event: 8.507 Thread 0x0000000017f8c800 Uncommon trap: reason=unstable_if action=reinterpret pc=0x0000000002b1fac0 method=java.lang.AbstractStringBuilder.append(Ljava/lang/String;)Ljava/lang/AbstractStringBuilder; @ 1
Event: 9.024 Thread 0x0000000017f8c800 Uncommon trap: reason=class_check action=maybe_recompile pc=0x0000000002ab4b1c method=sun.misc.URLClassPath.getLoader(I)Lsun/misc/URLClassPath$Loader; @ 94
Event: 9.024 Thread 0x0000000017f8c800 Uncommon trap: reason=class_check action=maybe_recompile pc=0x0000000002e8c424 method=sun.misc.URLClassPath.getResource(Ljava/lang/String;Z)Lsun/misc/Resource; @ 62
Event: 9.066 Thread 0x0000000017f8c800 Uncommon trap: reason=class_check action=maybe_recompile pc=0x0000000002ab4cb0 method=sun.misc.URLClassPath.getLoader(I)Lsun/misc/URLClassPath$Loader; @ 193
Event: 9.089 Thread 0x0000000017f8c800 Uncommon trap: reason=class_check action=maybe_recompile pc=0x0000000002ab4cb0 method=sun.misc.URLClassPath.getLoader(I)Lsun/misc/URLClassPath$Loader; @ 193
Event: 9.104 Thread 0x0000000017f8c800 Uncommon trap: reason=class_check action=maybe_recompile pc=0x0000000002ab4cb0 method=sun.misc.URLClassPath.getLoader(I)Lsun/misc/URLClassPath$Loader; @ 193
Event: 9.287 Thread 0x0000000017f8c800 Uncommon trap: reason=class_check action=maybe_recompile pc=0x0000000002ab1ec0 method=sun.misc.URLClassPath.getLoader(I)Lsun/misc/URLClassPath$Loader; @ 94

Internal exceptions (10 events):
Event: 9.567 Thread 0x0000000017f8c800 Exception <a 'java/lang/ClassNotFoundException': settings_4ip3o5brh53s4s5zinl9docepBeanInfo> (0x00000000ec5c2ef0) thrown at [D:\re\puppet\workspace\8-2-build-windows-amd64-cygwin\jdk8u73\6086\hotspot\src\share\vm\classfile\systemDictionary.cpp, line 210]
Event: 9.568 Thread 0x0000000017f8c800 Exception <a 'java/lang/ClassNotFoundException': org/gradle/initialization/SettingsScriptBeanInfo> (0x00000000ec5d16e0) thrown at [D:\re\puppet\workspace\8-2-build-windows-amd64-cygwin\jdk8u73\6086\hotspot\src\share\vm\classfile\systemDictionary.cpp, line k˜EûÛ"#@
Event: 9.568 Thread 0x0000000017f8c800 Exception <a 'java/lang/ClassNotFoundException': org/gradle/initialization/SettingsScriptCustomizer> (0x00000000ec5dff88) thrown at [D:\re\puppet\workspace\8-2-build-windows-amd64-cygwin\jdk8u73\6086\hotspot\src\share\vm\classfile\systemDictionary.cpp, lin‹÷àd##@
Event: 9.569 Thread 0x0000000017f8c800 Exception <a 'java/lang/ClassNotFoundException': settings_4ip3o5brh53s4s5zinl9docepCustomizer> (0x00000000ec5f1150) thrown at [D:\re\puppet\workspace\8-2-build-windows-amd64-cygwin\jdk8u73\6086\hotspot\src\share\vm\classfile\systemDictionary.cpp, line 210]Zê²I%&#@
Event: 9.575 Thread 0x0000000017f8c800 Exception <a 'java/lang/ClassNotFoundException': org/gradle/initialization/DefaultSettings_DecoratedBeanInfo> (0x00000000ec65bac8) thrown at [D:\re\puppet\workspace\8-2-build-windows-amd64-cygwin\jdk8u73\6086\hotspot\src\share\vm\classfile\systemDictionary®=q¿-#@
Event: 9.589 Thread 0x0000000017f8c800 Exception <a 'java/lang/ClassNotFoundException': org/gradle/initialization/DefaultSettingsBeanInfo> (0x00000000ec678728) thrown at [D:\re\puppet\workspace\8-2-build-windows-amd64-cygwin\jdk8u73\6086\hotspot\src\share\vm\classfile\systemDictionary.cpp, line
Event: 9.590 Thread 0x0000000017f8c800 Exception <a 'java/lang/ClassNotFoundException': org/gradle/initialization/BaseSettingsBeanInfo> (0x00000000ec6943c0) thrown at [D:\re\puppet\workspace\8-2-build-windows-amd64-cygwin\jdk8u73\6086\hotspot\src\share\vm\classfile\systemDictionary.cpp, line 21ÎÙè«†.#@
Event: 9.591 Thread 0x0000000017f8c800 Exception <a 'java/lang/ClassNotFoundException': org/gradle/initialization/BaseSettingsCustomizer> (0x00000000ec6b0f20) thrown at [D:\re\puppet\workspace\8-2-build-windows-amd64-cygwin\jdk8u73\6086\hotspot\src\share\vm\classfile\systemDictionary.cpp, line :"»,˜/#@
Event: 9.593 Thread 0x0000000017f8c800 Exception <a 'java/lang/ClassNotFoundException': org/gradle/initialization/DefaultSettingsCustomizer> (0x00000000ec6f4408) thrown at [D:\re\puppet\workspace\8-2-build-windows-amd64-cygwin\jdk8u73\6086\hotspot\src\share\vm\classfile\systemDictionary.cpp, liñâY¯N0#@
Event: 9.594 Thread 0x0000000017f8c800 Exception <a 'java/lang/ClassNotFoundException': org/gradle/initialization/DefaultSettings_DecoratedCustomizer> (0x00000000ec71b610) thrown at [D:\re\puppet\workspace\8-2-build-windows-amd64-cygwin\jdk8u73\6086\hotspot\src\share\vm\classfile\systemDictionaD<¡.m"#@

Events (10 events):
Event: 9.818 loading class com/google/common/reflect/TypeToken done
Event: 9.820 loading class com/google/common/reflect/TypeCapture
Event: 9.820 loading class com/google/common/reflect/TypeCapture done
Event: 9.821 loading class com/google/common/reflect/TypeToken$SimpleTypeToken
Event: 9.821 loading class com/google/common/reflect/TypeToken$SimpleTypeToken done
Event: 9.822 loading class com/google/common/reflect/Invokable
Event: 9.822 loading class com/google/common/reflect/Invokable done
Event: 9.823 loading class com/google/common/reflect/Element
Event: 9.823 loading class com/google/common/reflect/Element done
Event: 9.823 Executing VM operation: CollectForMetadataAllocation


Dynamic libraries:
0x00007ff706810000 - 0x00007ff706847000 	C:\Program Files\Java\jdk1.8.0_73\bin\java.exe
0x00007ff97a8e0000 - 0x00007ff97aab1000 	C:\WINDOWS\SYSTEM32\ntdll.dll
0x00007ff978510000 - 0x00007ff9785bc000 	C:\WINDOWS\System32\KERNEL32.DLL
0x00007ff977c50000 - 0x00007ff977e6d000 	C:\WINDOWS\System32\KERNELBASE.dll
0x00007ff97a0b0000 - 0x00007ff97a152000 	C:\WINDOWS\System32\ADVAPI32.dll
0x00007ff977e70000 - 0x00007ff977f0e000 	C:\WINDOWS\System32\msvcrt.dll
0x00007ff978910000 - 0x00007ff978969000 	C:\WINDOWS\System32\sechost.dll
0x00007ff979ee0000 - 0x00007ff97a001000 	C:\WINDOWS\System32\RPCRT4.dll
0x00007ff9785c0000 - 0x00007ff978725000 	C:\WINDOWS\System32\USER32.dll
0x00007ff9777b0000 - 0x00007ff9777ce000 	C:\WINDOWS\System32\win32u.dll
0x00007ff9788d0000 - 0x00007ff978904000 	C:\WINDOWS\System32\GDI32.dll
0x00007ff976ed0000 - 0x00007ff977052000 	C:\WINDOWS\System32\gdi32full.dll
0x00007ff9680e0000 - 0x00007ff96835a000 	C:\WINDOWS\WinSxS\amd64_microsoft.windows.common-controls_6595b64144ccf1df_6.0.14393.953_none_42151e83c686086b\COMCTL32.dll
0x00007ff978240000 - 0x00007ff978508000 	C:\WINDOWS\System32\combase.dll
0x00007ff976dd0000 - 0x00007ff976ec5000 	C:\WINDOWS\System32\ucrtbase.dll
0x00007ff977740000 - 0x00007ff9777aa000 	C:\WINDOWS\System32\bcryptPrimitives.dll
0x00007ff97a070000 - 0x00007ff97a09e000 	C:\WINDOWS\System32\IMM32.DLL
0x0000000071130000 - 0x0000000071202000 	C:\Program Files\Java\jdk1.8.0_73\jre\bin\msvcr100.dll
0x00000000708a0000 - 0x0000000071130000 	C:\Program Files\Java\jdk1.8.0_73\jre\bin\server\jvm.dll
0x00007ff97a0a0000 - 0x00007ff97a0a8000 	C:\WINDOWS\System32\PSAPI.DLL
0x00007ff966bb0000 - 0x00007ff966bb9000 	C:\WINDOWS\SYSTEM32\WSOCK32.dll
0x00007ff9750e0000 - 0x00007ff975103000 	C:\WINDOWS\SYSTEM32\WINMM.dll
0x00007ff966b70000 - 0x00007ff966b7a000 	C:\WINDOWS\SYSTEM32\VERSION.dll
0x00007ff97a850000 - 0x00007ff97a8ba000 	C:\WINDOWS\System32\WS2_32.dll
0x0000000000570000 - 0x000000000059b000 	C:\WINDOWS\SYSTEM32\WINMMBASE.dll
0x00007ff977980000 - 0x00007ff9779c2000 	C:\WINDOWS\System32\cfgmgr32.dll
0x0000000070890000 - 0x000000007089f000 	C:\Program Files\Java\jdk1.8.0_73\jre\bin\verify.dll
0x0000000070860000 - 0x0000000070889000 	C:\Program Files\Java\jdk1.8.0_73\jre\bin\java.dll
0x0000000070840000 - 0x0000000070856000 	C:\Program Files\Java\jdk1.8.0_73\jre\bin\zip.dll
0x00007ff978970000 - 0x00007ff979e78000 	C:\WINDOWS\System32\SHELL32.dll
0x00007ff977060000 - 0x00007ff97773a000 	C:\WINDOWS\System32\windows.storage.dll
0x00007ff976d70000 - 0x00007ff976dbc000 	C:\WINDOWS\System32\powrprof.dll
0x00007ff97a600000 - 0x00007ff97a652000 	C:\WINDOWS\System32\shlwapi.dll
0x00007ff976d40000 - 0x00007ff976d4f000 	C:\WINDOWS\System32\kernel.appcore.dll
0x00007ff9777d0000 - 0x00007ff977879000 	C:\WINDOWS\System32\shcore.dll
0x00007ff976d50000 - 0x00007ff976d64000 	C:\WINDOWS\System32\profapi.dll
0x0000000070820000 - 0x000000007083a000 	C:\Program Files\Java\jdk1.8.0_73\jre\bin\net.dll
0x00007ff976610000 - 0x00007ff97666c000 	C:\WINDOWS\system32\mswsock.dll
0x0000000070800000 - 0x0000000070811000 	C:\Program Files\Java\jdk1.8.0_73\jre\bin\nio.dll
0x00007ff966070000 - 0x00007ff966082000 	C:\Users\jpd\.gradle\native\19\windows-amd64\native-platform.dll
0x00007ff9767b0000 - 0x00007ff9767c7000 	C:\WINDOWS\SYSTEM32\CRYPTSP.dll
0x00007ff976210000 - 0x00007ff976243000 	C:\WINDOWS\system32\rsaenh.dll
0x00007ff976c80000 - 0x00007ff976cab000 	C:\WINDOWS\SYSTEM32\bcrypt.dll
0x00007ff976490000 - 0x00007ff9764af000 	C:\WINDOWS\SYSTEM32\USERENV.dll
0x00007ff976c70000 - 0x00007ff976c7b000 	C:\WINDOWS\SYSTEM32\CRYPTBASE.dll
0x00007ff976390000 - 0x00007ff9763c8000 	C:\WINDOWS\SYSTEM32\IPHLPAPI.DLL
0x00007ff9780d0000 - 0x00007ff9780d8000 	C:\WINDOWS\System32\NSI.dll
0x00007ff971fb0000 - 0x00007ff971fc6000 	C:\WINDOWS\SYSTEM32\dhcpcsvc6.DLL
0x00007ff9726f0000 - 0x00007ff97270a000 	C:\WINDOWS\SYSTEM32\dhcpcsvc.DLL
0x00000000707f0000 - 0x00000000707fd000 	C:\Program Files\Java\jdk1.8.0_73\jre\bin\management.dll

VM Arguments:
jvm_args: -XX:MaxPermSize=256m -XX:+HeapDumpOnOutOfMemoryError -Xmx1024m -Dfile.encoding=x-windows-949 -Duser.country=KR -Duser.language=ko -Duser.variant 
java_command: org.gradle.launcher.daemon.bootstrap.GradleDaemon 2.14.1
java_class_path (initial): C:\Program Files\Android\Android Studio\gradle\gradle-2.14.1\lib\gradle-launcher-2.14.1.jar
Launcher Type: SUN_STANDARD

Environment Variables:
JAVA_HOME=C:\Program Files\Java\jdk1.8.0_73
PATH=C:\oraclexe\app\oracle\product\11.2.0\server\bin;;C:\ProgramData\Oracle\Java\javapath;C:\oraclexe\app\oracle\product\11.2.0\server\bin;C:\Program Files (x86)\Intel\iCLS Client\;C:\Program Files\Intel\iCLS Client\;C:\WINDOWS\system32;C:\WINDOWS;C:\WINDOWS\System32\Wbem;C:\WINDOWS\System32\WindowsPowerShell\v1.0\;C:\Program Files (x86)\Intel\Intel(R) Management Engine Components\DAL;C:\Program Files\Intel\Intel(R) Management Engine Components\DAL;C:\Program Files (x86)\Intel\Intel(R) Management Engine Components\IPT;C:\Program Files\Java\jdk1.8.0_73\bin;C:\Program Files\Intel\Intel(R) Management Engine Components\IPT;C:\Program Files\Java\jdk1.8.0_73\bin;C:\Program Files (x86)\Windows Live\Shared;C:\Program Files\Intel\WiFi\bin\;C:\Program Files\Common Files\Intel\WirelessCommon\;C:\Program Files (x86)\GtkSharp\2.12\bin;C:\Program Files\nodejs\;C:\Program Files\Microsoft SQL Server\130\Tools\Binn\;C:\Bitnami\wampstack-5.6.29-0\php;C:\ProgramData\ComposerSetup\bin;C:\Program Files\Git\cmd;C:\Program Files (x86)\PuTTY\;C:\cygwin64\bin;C:\Program Files (x86)\Windows Kits\8.1\Windows Performance Toolkit\;C:\Program Files (x86)\Skype\Phone\;C:\Users\jpd\AppData\Local\Programs\Python\Python35\Scripts\;C:\Users\jpd\AppData\Local\Programs\Python\Python35\;C:\Users\jpd\AppData\Local\Programs\Python\Python35-32\Scripts\;C:\Users\jpd\AppData\Local\Programs\Python\Python35-32\;C:\Program Files\Intel\WiFi\bin\;C:\Program Files\Common Files\Intel\WirelessCommon\;C:\Program Files (x86)\Java\jre1.8.0_71\bin;C:\Program Files\Java\jdk1.8.0_73\bin;C:\apache-maven-3.3.9\bin;C:\Users\jpd\AppData\Roaming\npm;C:\Program Files (x86)\Microsoft VS Code\bin;C:\Program Files\MongoDB\Server\3.2\bin;C:\Users\jpd\AppData\Local\Microsoft\WindowsApps;C:\Program Files\Bandizip\7z;C:\Users\jpd\AppData\Local\atom\bin;C:\Users\jpd\AppData\Roaming\Composer\vendor\bin;C:\cygwin64\bin
USERNAME=jpd
OS=Windows_NT
PROCESSOR_IDENTIFIER=Intel64 Family 6 Model 78 Stepping 3, GenuineIntel



---------------  S Y S T E M  ---------------

OS: Windows 10.0 , 64 bit Build 14393 (10.0.14393.1198)

CPU:total 4 (2 cores per cpu, 2 threads per core) family 6 model 78 stepping 3, cmov, cx8, fxsr, mmx, sse, sse2, sse3, ssse3, sse4.1, sse4.2, popcnt, avx, avx2, aes, clmul, erms, rtm, 3dnowpref, lzcnt, ht, tsc, tscinvbit, bmi1, bmi2, adx

Memory: 4k page, physical 7424844k(1346064k free), swap 16734012k(6396k free)

vm_info: Java HotSpot(TM) 64-Bit Server VM (25.73-b02) for windows-amd64 JRE (1.8.0_73-b02), built on Jan 29 2016 17:38:49 by "java_re" with MS VC++ 10.0 (VS2010)

time: Sat Jun 17 15:02:28 2017
elapsed time: 9 seconds (0d 0h 0m 9s)

