#
# There is insufficient memory for the Java Runtime Environment to continue.
# Native memory allocation (malloc) failed to allocate 1699536 bytes for Chunk::new
# Possible reasons:
#   The system is out of physical RAM or swap space
#   In 32 bit mode, the process size limit was hit
# Possible solutions:
#   Reduce memory load on the system
#   Increase physical memory or swap space
#   Check if swap backing store is full
#   Use 64 bit Java on a 64 bit OS
#   Decrease Java heap size (-Xmx/-Xms)
#   Decrease number of Java threads
#   Decrease Java thread stack sizes (-Xss)
#   Set larger code cache with -XX:ReservedCodeCacheSize=
# This output file may be truncated or incomplete.
#
#  Out of Memory Error (allocation.cpp:390), pid=19720, tid=18840
#
# JRE version: Java(TM) SE Runtime Environment (8.0_73-b02) (build 1.8.0_73-b02)
# Java VM: Java HotSpot(TM) 64-Bit Server VM (25.73-b02 mixed mode windows-amd64 compressed oops)
# Failed to write core dump. Minidumps are not enabled by default on client versions of Windows
#

---------------  T H R E A D  ---------------

Current thread (0x00000000167da000):  JavaThread "C2 CompilerThread1" daemon [_thread_in_native, id=18840, stack(0x0000000016b80000,0x0000000016c80000)]

Stack: [0x0000000016b80000,0x0000000016c80000]
[error occurred during error reporting (printing stack bounds), id 0xc0000005]

Native frames: (J=compiled Java code, j=interpreted, Vv=VM code, C=native code)


Current CompileTask:
C2:  10206 1579   !   4       java.net.URLClassLoader$1::run (63 bytes)


---------------  P R O C E S S  ---------------

Java Threads: ( => current thread )
  0x000000001744d000 JavaThread "Stdin handler" [_thread_blocked, id=8188, stack(0x00000000193d0000,0x00000000194d0000)]
  0x000000001744c000 JavaThread "Asynchronous log dispatcher for org.gradle.launcher.daemon.server.DefaultDaemonConnection@2cb8a64" [_thread_blocked, id=17212, stack(0x00000000192d0000,0x00000000193d0000)]
  0x00000000174c2000 JavaThread "Daemon worker" [_thread_in_vm, id=2640, stack(0x00000000191d0000,0x00000000192d0000)]
  0x00000000174be000 JavaThread "Cancel handler" [_thread_blocked, id=8720, stack(0x0000000018ed0000,0x0000000018fd0000)]
  0x0000000017465800 JavaThread "Handler for socket connection from /127.0.0.1:9196 to /127.0.0.1:9197" [_thread_in_native, id=15892, stack(0x0000000018dd0000,0x0000000018ed0000)]
  0x0000000017462800 JavaThread "Daemon" [_thread_blocked, id=21368, stack(0x0000000018cd0000,0x0000000018dd0000)]
  0x0000000017217800 JavaThread "Incoming local TCP Connector on port 9196" [_thread_in_native, id=14344, stack(0x0000000018b00000,0x0000000018c00000)]
  0x00000000179f1000 JavaThread "pool-1-thread-1" [_thread_blocked, id=8112, stack(0x0000000018800000,0x0000000018900000)]
  0x00000000167e2800 JavaThread "Service Thread" daemon [_thread_blocked, id=14424, stack(0x0000000016d80000,0x0000000016e80000)]
  0x00000000167dd000 JavaThread "C1 CompilerThread2" daemon [_thread_blocked, id=9224, stack(0x0000000016c80000,0x0000000016d80000)]
=>0x00000000167da000 JavaThread "C2 CompilerThread1" daemon [_thread_in_native, id=18840, stack(0x0000000016b80000,0x0000000016c80000)]
  0x000000001515d000 JavaThread "C2 CompilerThread0" daemon [_thread_in_native, id=15092, stack(0x0000000016680000,0x0000000016780000)]
  0x000000001515b000 JavaThread "Attach Listener" daemon [_thread_blocked, id=18088, stack(0x0000000016580000,0x0000000016680000)]
  0x00000000150fa800 JavaThread "Signal Dispatcher" daemon [_thread_blocked, id=15640, stack(0x0000000016480000,0x0000000016580000)]
  0x0000000002a22000 JavaThread "Finalizer" daemon [_thread_blocked, id=11516, stack(0x0000000016380000,0x0000000016480000)]
  0x0000000002a1f000 JavaThread "Reference Handler" daemon [_thread_blocked, id=12692, stack(0x0000000016280000,0x0000000016380000)]
  0x0000000002932800 JavaThread "main" [_thread_blocked, id=6168, stack(0x00000000027d0000,0x00000000028d0000)]

Other Threads:
  0x00000000150c7800 VMThread [stack: 0x0000000016180000,0x0000000016280000] [id=21400]
  0x000000001682c000 WatcherThread [stack: 0x0000000016e80000,0x0000000016f80000] [id=16436]

VM state:not at safepoint (normal execution)

VM Mutex/Monitor currently owned by a thread: None

Heap:
 PSYoungGen      total 64000K, used 32424K [0x00000000eab00000, 0x00000000eee00000, 0x0000000100000000)
  eden space 59392K, 46% used [0x00000000eab00000,0x00000000ec62b528,0x00000000ee500000)
  from space 4608K, 99% used [0x00000000ee980000,0x00000000eedfead8,0x00000000eee00000)
  to   space 4608K, 0% used [0x00000000ee500000,0x00000000ee500000,0x00000000ee980000)
 ParOldGen       total 77824K, used 1057K [0x00000000c0000000, 0x00000000c4c00000, 0x00000000eab00000)
  object space 77824K, 1% used [0x00000000c0000000,0x00000000c01086d0,0x00000000c4c00000)
 Metaspace       used 16986K, capacity 17402K, committed 17536K, reserved 1064960K
  class space    used 2255K, capacity 2401K, committed 2432K, reserved 1048576K

Card table byte_map: [0x0000000011df0000,0x0000000012000000] byte_map_base: 0x00000000117f0000

Marking Bits: (ParMarkBitMap*) 0x000000005b670600
 Begin Bits: [0x0000000012560000, 0x0000000013560000)
 End Bits:   [0x0000000013560000, 0x0000000014560000)

Polling page: 0x0000000000c10000

CodeCache: size=245760Kb used=5302Kb max_used=5316Kb free=240457Kb
 bounds [0x0000000002a30000, 0x0000000002f70000, 0x0000000011a30000]
 total_blobs=1955 nmethods=1577 adapters=290
 compilation: enabled

Compilation events (10 events):
Event: 9.966 Thread 0x00000000167dd000 nmethod 1574 0x0000000002f5b410 code [0x0000000002f5b560, 0x0000000002f5b670]
Event: 9.967 Thread 0x00000000167dd000 1575       3       com.google.common.collect.ImmutableMap::checkNoConflict (50 bytes)
Event: 9.968 Thread 0x00000000167dd000 nmethod 1575 0x0000000002f5b6d0 code [0x0000000002f5b960, 0x0000000002f5ca98]
Event: 9.970 Thread 0x00000000167dd000 1576       3       com.google.common.collect.RegularImmutableMap$NonTerminalMapEntry::<init> (11 bytes)
Event: 9.971 Thread 0x00000000167dd000 nmethod 1576 0x0000000002f5d2d0 code [0x0000000002f5d440, 0x0000000002f5d870]
Event: 9.976 Thread 0x000000001515d000 1577   !   4       java.net.URLClassLoader::findClass (47 bytes)
Event: 9.980 Thread 0x000000001515d000 nmethod 1577 0x0000000002f60850 code [0x0000000002f609e0, 0x0000000002f60bd8]
Event: 9.989 Thread 0x00000000167da000 nmethod 1568% 0x0000000002f63310 code [0x0000000002f634c0, 0x0000000002f642e8]
Event: 10.050 Thread 0x000000001515d000 1578       4       java.net.URLClassLoader$1::run (5 bytes)
Event: 10.054 Thread 0x00000000167da000 1579   !   4       java.net.URLClassLoader$1::run (63 bytes)

GC Heap History (4 events):
Event: 2.241 GC heap before
{Heap before GC invocations=1 (full 0):
 PSYoungGen      total 34304K, used 29696K [0x00000000eab00000, 0x00000000ed100000, 0x0000000100000000)
  eden space 29696K, 100% used [0x00000000eab00000,0x00000000ec800000,0x00000000ec800000)
  from space 4608K, 0% used [0x00000000ecc80000,0x00000000ecc80000,0x00000000ed100000)
  to   space 4608K, 0% used [0x00000000ec800000,0x00000000ec800000,0x00000000ecc80000)
 ParOldGen       total 77824K, used 0K [0x00000000c0000000, 0x00000000c4c00000, 0x00000000eab00000)
  object space 77824K, 0% used [0x00000000c0000000,0x00000000c0000000,0x00000000c4c00000)
 Metaspace       used 6212K, capacity 6476K, committed 6784K, reserved 1056768K
  class space    used 790K, capacity 836K, committed 896K, reserved 1048576K
Event: 2.275 GC heap after
Heap after GC invocations=1 (full 0):
 PSYoungGen      total 34304K, used 4010K [0x00000000eab00000, 0x00000000eee00000, 0x0000000100000000)
  eden space 29696K, 0% used [0x00000000eab00000,0x00000000eab00000,0x00000000ec800000)
  from space 4608K, 87% used [0x00000000ec800000,0x00000000ecbeab80,0x00000000ecc80000)
  to   space 4608K, 0% used [0x00000000ee980000,0x00000000ee980000,0x00000000eee00000)
 ParOldGen       total 77824K, used 8K [0x00000000c0000000, 0x00000000c4c00000, 0x00000000eab00000)
  object space 77824K, 0% used [0x00000000c0000000,0x00000000c0002000,0x00000000c4c00000)
 Metaspace       used 6212K, capacity 6476K, committed 6784K, reserved 1056768K
  class space    used 790K, capacity 836K, committed 896K, reserved 1048576K
}
Event: 8.354 GC heap before
{Heap before GC invocations=2 (full 0):
 PSYoungGen      total 34304K, used 33706K [0x00000000eab00000, 0x00000000eee00000, 0x0000000100000000)
  eden space 29696K, 100% used [0x00000000eab00000,0x00000000ec800000,0x00000000ec800000)
  from space 4608K, 87% used [0x00000000ec800000,0x00000000ecbeab80,0x00000000ecc80000)
  to   space 4608K, 0% used [0x00000000ee980000,0x00000000ee980000,0x00000000eee00000)
 ParOldGen       total 77824K, used 8K [0x00000000c0000000, 0x00000000c4c00000, 0x00000000eab00000)
  object space 77824K, 0% used [0x00000000c0000000,0x00000000c0002000,0x00000000c4c00000)
 Metaspace       used 11957K, capacity 12282K, committed 12544K, reserved 1060864K
  class space    used 1597K, capacity 1697K, committed 1792K, reserved 1048576K
Event: 8.427 GC heap after
Heap after GC invocations=2 (full 0):
 PSYoungGen      total 64000K, used 4602K [0x00000000eab00000, 0x00000000eee00000, 0x0000000100000000)
  eden space 59392K, 0% used [0x00000000eab00000,0x00000000eab00000,0x00000000ee500000)
  from space 4608K, 99% used [0x00000000ee980000,0x00000000eedfead8,0x00000000eee00000)
  to   space 4608K, 0% used [0x00000000ee500000,0x00000000ee500000,0x00000000ee980000)
 ParOldGen       total 77824K, used 1057K [0x00000000c0000000, 0x00000000c4c00000, 0x00000000eab00000)
  object space 77824K, 1% used [0x00000000c0000000,0x00000000c01086d0,0x00000000c4c00000)
 Metaspace       used 11957K, capacity 12282K, committed 12544K, reserved 1060864K
  class space    used 1597K, capacity 1697K, committed 1792K, reserved 1048576K
}

Deoptimization events (10 events):
Event: 2.837 Thread 0x0000000002932800 Uncommon trap: reason=bimorphic action=maybe_recompile pc=0x0000000002cab4fc method=java.util.HashMap.putVal(ILjava/lang/Object;Ljava/lang/Object;ZZ)Ljava/lang/Object; @ 203
Event: 2.837 Thread 0x0000000002932800 Uncommon trap: reason=unstable_if action=reinterpret pc=0x0000000002c820bc method=java.util.HashMap.getNode(ILjava/lang/Object;)Ljava/util/HashMap$Node; @ 129
Event: 2.837 Thread 0x0000000002932800 Uncommon trap: reason=bimorphic action=maybe_recompile pc=0x0000000002cab4fc method=java.util.HashMap.putVal(ILjava/lang/Object;Ljava/lang/Object;ZZ)Ljava/lang/Object; @ 203
Event: 4.192 Thread 0x0000000002932800 Uncommon trap: reason=unstable_if action=reinterpret pc=0x0000000002d1587c method=java.io.WinNTFileSystem.normalize(Ljava/lang/String;II)Ljava/lang/String; @ 90
Event: 4.251 Thread 0x0000000002932800 Uncommon trap: reason=unstable_if action=reinterpret pc=0x0000000002d3c6d0 method=java.lang.String.substring(I)Ljava/lang/String; @ 35
Event: 7.724 Thread 0x0000000017217800 Uncommon trap: reason=bimorphic action=maybe_recompile pc=0x0000000002cab4b4 method=java.util.HashMap.putVal(ILjava/lang/Object;Ljava/lang/Object;ZZ)Ljava/lang/Object; @ 91
Event: 7.727 Thread 0x0000000017217800 Uncommon trap: reason=bimorphic action=maybe_recompile pc=0x0000000002cb1b8c method=java.util.HashMap.putVal(ILjava/lang/Object;Ljava/lang/Object;ZZ)Ljava/lang/Object; @ 91
Event: 8.174 Thread 0x00000000174c2000 Uncommon trap: reason=bimorphic action=maybe_recompile pc=0x0000000002e48780 method=java.util.HashMap.putVal(ILjava/lang/Object;Ljava/lang/Object;ZZ)Ljava/lang/Object; @ 253
Event: 8.175 Thread 0x00000000174c2000 Uncommon trap: reason=bimorphic action=maybe_recompile pc=0x0000000002e48780 method=java.util.HashMap.putVal(ILjava/lang/Object;Ljava/lang/Object;ZZ)Ljava/lang/Object; @ 253
Event: 8.175 Thread 0x00000000174c2000 Uncommon trap: reason=bimorphic action=maybe_recompile pc=0x0000000002e479f4 method=java.util.HashMap.putVal(ILjava/lang/Object;Ljava/lang/Object;ZZ)Ljava/lang/Object; @ 253

Internal exceptions (10 events):
Event: 9.643 Thread 0x00000000174c2000 Exception <a 'java/lang/ClassNotFoundException': groovy/lang/ExpandoMetaClassBeanInfo> (0x00000000ec063980) thrown at [D:\re\puppet\workspace\8-2-build-windows-amd64-cygwin\jdk8u73\6086\hotspot\src\share\vm\classfile\systemDictionary.cpp, line 210]
Event: 9.644 Thread 0x00000000174c2000 Exception <a 'java/lang/ClassNotFoundException': groovy/lang/MetaClassImplBeanInfo> (0x00000000ec06ea98) thrown at [D:\re\puppet\workspace\8-2-build-windows-amd64-cygwin\jdk8u73\6086\hotspot\src\share\vm\classfile\systemDictionary.cpp, line 210]
Event: 9.644 Thread 0x00000000174c2000 Exception <a 'java/lang/ClassNotFoundException': java/lang/ObjectBeanInfo> (0x00000000ec073c00) thrown at [D:\re\puppet\workspace\8-2-build-windows-amd64-cygwin\jdk8u73\6086\hotspot\src\share\vm\classfile\systemDictionary.cpp, line 210]
Event: 9.645 Thread 0x00000000174c2000 Exception <a 'java/lang/ClassNotFoundException': java/lang/ObjectCustomizer> (0x00000000ec078eb0) thrown at [D:\re\puppet\workspace\8-2-build-windows-amd64-cygwin\jdk8u73\6086\hotspot\src\share\vm\classfile\systemDictionary.cpp, line 210]
Event: 9.656 Thread 0x00000000174c2000 Exception <a 'java/lang/ClassNotFoundException': groovy/lang/MetaClassImplCustomizer> (0x00000000ec08bde8) thrown at [D:\re\puppet\workspace\8-2-build-windows-amd64-cygwin\jdk8u73\6086\hotspot\src\share\vm\classfile\systemDictionary.cpp, line 210]
Event: 9.661 Thread 0x00000000174c2000 Exception <a 'java/lang/ClassNotFoundException': groovy/lang/ExpandoMetaClassCustomizer> (0x00000000ec0c0178) thrown at [D:\re\puppet\workspace\8-2-build-windows-amd64-cygwin\jdk8u73\6086\hotspot\src\share\vm\classfile\systemDictionary.cpp, line 210]
Event: 9.677 Thread 0x00000000174c2000 Exception <a 'java/lang/ClassNotFoundException': org/gradle/api/internal/plugins/DefaultExtraPropertiesExtensionBeanInfo> (0x00000000ec1418f0) thrown at [D:\re\puppet\workspace\8-2-build-windows-amd64-cygwin\jdk8u73\6086\hotspot\src\share\vm\classfile\syst∂ÊÕ5‚Z#@
Event: 9.678 Thread 0x00000000174c2000 Exception <a 'java/lang/ClassNotFoundException': groovy/lang/GroovyObjectSupportBeanInfo> (0x00000000ec14dc48) thrown at [D:\re\puppet\workspace\8-2-build-windows-amd64-cygwin\jdk8u73\6086\hotspot\src\share\vm\classfile\systemDictionary.cpp, line 210]
Event: 9.678 Thread 0x00000000174c2000 Exception <a 'java/lang/ClassNotFoundException': groovy/lang/GroovyObjectSupportCustomizer> (0x00000000ec15a348) thrown at [D:\re\puppet\workspace\8-2-build-windows-amd64-cygwin\jdk8u73\6086\hotspot\src\share\vm\classfile\systemDictionary.cpp, line 210]
Event: 9.679 Thread 0x00000000174c2000 Exception <a 'java/lang/ClassNotFoundException': org/gradle/api/internal/plugins/DefaultExtraPropertiesExtensionCustomizer> (0x00000000ec170fc8) thrown at [D:\re\puppet\workspace\8-2-build-windows-amd64-cygwin\jdk8u73\6086\hotspot\src\share\vm\classfile\sy,à°TdI#@

Events (10 events):
Event: 10.124 loading class com/google/common/cache/LocalCache$EntryFactory$8
Event: 10.124 loading class com/google/common/cache/LocalCache$EntryFactory$8 done
Event: 10.131 loading class com/google/common/cache/AbstractCache$SimpleStatsCounter
Event: 10.131 loading class com/google/common/cache/AbstractCache$SimpleStatsCounter done
Event: 10.137 loading class com/google/common/cache/LongAddables
Event: 10.137 loading class com/google/common/cache/LongAddables done
Event: 10.140 loading class com/google/common/cache/LongAddables$1
Event: 10.140 loading class com/google/common/cache/LongAddables$1 done
Event: 10.143 loading class com/google/common/cache/LongAddables$2
Event: 10.143 loading class com/google/common/cache/LongAddables$2 done


Dynamic libraries:
0x00007ff76f6b0000 - 0x00007ff76f6e7000 	C:\Program Files\Java\jdk1.8.0_73\bin\java.exe
0x00007ffb8e810000 - 0x00007ffb8e9e1000 	C:\WINDOWS\SYSTEM32\ntdll.dll
0x00007ffb8e490000 - 0x00007ffb8e53b000 	C:\WINDOWS\System32\KERNEL32.DLL
0x00007ffb8b6b0000 - 0x00007ffb8b8cd000 	C:\WINDOWS\System32\KERNELBASE.dll
0x00007ffb8d530000 - 0x00007ffb8d5d2000 	C:\WINDOWS\System32\ADVAPI32.dll
0x00007ffb8e380000 - 0x00007ffb8e41e000 	C:\WINDOWS\System32\msvcrt.dll
0x00007ffb8bfb0000 - 0x00007ffb8c009000 	C:\WINDOWS\System32\sechost.dll
0x00007ffb8dbe0000 - 0x00007ffb8dd01000 	C:\WINDOWS\System32\RPCRT4.dll
0x00007ffb8dfd0000 - 0x00007ffb8e135000 	C:\WINDOWS\System32\USER32.dll
0x00007ffb8b530000 - 0x00007ffb8b54e000 	C:\WINDOWS\System32\win32u.dll
0x00007ffb8d610000 - 0x00007ffb8d644000 	C:\WINDOWS\System32\GDI32.dll
0x00007ffb8b9f0000 - 0x00007ffb8bb72000 	C:\WINDOWS\System32\gdi32full.dll
0x00007ffb7ab00000 - 0x00007ffb7ad79000 	C:\WINDOWS\WinSxS\amd64_microsoft.windows.common-controls_6595b64144ccf1df_6.0.14393.447_none_42191651c6827bb3\COMCTL32.dll
0x00007ffb8e540000 - 0x00007ffb8e808000 	C:\WINDOWS\System32\combase.dll
0x00007ffb8b5b0000 - 0x00007ffb8b6a5000 	C:\WINDOWS\System32\ucrtbase.dll
0x00007ffb8b980000 - 0x00007ffb8b9ea000 	C:\WINDOWS\System32\bcryptPrimitives.dll
0x00007ffb8bda0000 - 0x00007ffb8bdce000 	C:\WINDOWS\System32\IMM32.DLL
0x000000005b6f0000 - 0x000000005b7c2000 	C:\Program Files\Java\jdk1.8.0_73\jre\bin\msvcr100.dll
0x000000005ae60000 - 0x000000005b6f0000 	C:\Program Files\Java\jdk1.8.0_73\jre\bin\server\jvm.dll
0x00007ffb8c010000 - 0x00007ffb8c018000 	C:\WINDOWS\System32\PSAPI.DLL
0x00007ffb7a060000 - 0x00007ffb7a069000 	C:\WINDOWS\SYSTEM32\WSOCK32.dll
0x00007ffb8e420000 - 0x00007ffb8e48a000 	C:\WINDOWS\System32\WS2_32.dll
0x00007ffb89540000 - 0x00007ffb89563000 	C:\WINDOWS\SYSTEM32\WINMM.dll
0x00007ffb891c0000 - 0x00007ffb891ca000 	C:\WINDOWS\SYSTEM32\VERSION.dll
0x00007ffb894d0000 - 0x00007ffb894fb000 	C:\WINDOWS\SYSTEM32\WINMMBASE.dll
0x00007ffb8bb80000 - 0x00007ffb8bbc2000 	C:\WINDOWS\System32\cfgmgr32.dll
0x000000005ae50000 - 0x000000005ae5f000 	C:\Program Files\Java\jdk1.8.0_73\jre\bin\verify.dll
0x000000005ae20000 - 0x000000005ae49000 	C:\Program Files\Java\jdk1.8.0_73\jre\bin\java.dll
0x000000005ae00000 - 0x000000005ae16000 	C:\Program Files\Java\jdk1.8.0_73\jre\bin\zip.dll
0x00007ffb8c020000 - 0x00007ffb8d529000 	C:\WINDOWS\System32\SHELL32.dll
0x00007ffb8ae50000 - 0x00007ffb8b52a000 	C:\WINDOWS\System32\windows.storage.dll
0x00007ffb8ac70000 - 0x00007ffb8acbc000 	C:\WINDOWS\System32\powrprof.dll
0x00007ffb8bdd0000 - 0x00007ffb8be22000 	C:\WINDOWS\System32\shlwapi.dll
0x00007ffb8acf0000 - 0x00007ffb8acff000 	C:\WINDOWS\System32\kernel.appcore.dll
0x00007ffb8b8d0000 - 0x00007ffb8b979000 	C:\WINDOWS\System32\shcore.dll
0x00007ffb8acc0000 - 0x00007ffb8acd4000 	C:\WINDOWS\System32\profapi.dll
0x000000005ade0000 - 0x000000005adfa000 	C:\Program Files\Java\jdk1.8.0_73\jre\bin\net.dll
0x00007ffb8a2a0000 - 0x00007ffb8a2fc000 	C:\WINDOWS\system32\mswsock.dll
0x000000005adc0000 - 0x000000005add1000 	C:\Program Files\Java\jdk1.8.0_73\jre\bin\nio.dll
0x00007ffb73c00000 - 0x00007ffb73c12000 	C:\Users\jpd\.gradle\native\19\windows-amd64\native-platform.dll
0x00007ffb8a730000 - 0x00007ffb8a747000 	C:\WINDOWS\SYSTEM32\CRYPTSP.dll
0x00007ffb89eb0000 - 0x00007ffb89ee3000 	C:\WINDOWS\system32\rsaenh.dll
0x00007ffb8a700000 - 0x00007ffb8a72b000 	C:\WINDOWS\SYSTEM32\bcrypt.dll
0x00007ffb8a120000 - 0x00007ffb8a13f000 	C:\WINDOWS\SYSTEM32\USERENV.dll
0x00007ffb8a440000 - 0x00007ffb8a44b000 	C:\WINDOWS\SYSTEM32\CRYPTBASE.dll
0x00007ffb8a030000 - 0x00007ffb8a068000 	C:\WINDOWS\SYSTEM32\IPHLPAPI.DLL
0x00007ffb8bfa0000 - 0x00007ffb8bfa8000 	C:\WINDOWS\System32\NSI.dll
0x00007ffb81430000 - 0x00007ffb81446000 	C:\WINDOWS\SYSTEM32\dhcpcsvc6.DLL
0x00007ffb81520000 - 0x00007ffb8153a000 	C:\WINDOWS\SYSTEM32\dhcpcsvc.DLL
0x000000005adb0000 - 0x000000005adbd000 	C:\Program Files\Java\jdk1.8.0_73\jre\bin\management.dll

VM Arguments:
jvm_args: -XX:MaxPermSize=256m -XX:+HeapDumpOnOutOfMemoryError -Xmx1024m -Dfile.encoding=x-windows-949 -Duser.country=KR -Duser.language=ko -Duser.variant 
java_command: org.gradle.launcher.daemon.bootstrap.GradleDaemon 2.14.1
java_class_path (initial): C:\Program Files\Android\Android Studio\gradle\gradle-2.14.1\lib\gradle-launcher-2.14.1.jar
Launcher Type: SUN_STANDARD

Environment Variables:
JAVA_HOME=C:\Program Files\Java\jdk1.8.0_73
PATH=C:\ProgramData\Oracle\Java\javapath;C:\oraclexe\app\oracle\product\11.2.0\server\bin;C:\Program Files (x86)\Intel\iCLS Client\;C:\Program Files\Intel\iCLS Client\;C:\WINDOWS\system32;C:\WINDOWS;C:\WINDOWS\System32\Wbem;C:\WINDOWS\System32\WindowsPowerShell\v1.0\;C:\Program Files (x86)\Intel\Intel(R) Management Engine Components\DAL;C:\Program Files\Intel\Intel(R) Management Engine Components\DAL;C:\Program Files (x86)\Intel\Intel(R) Management Engine Components\IPT;C:\Program Files\Java\jdk1.8.0_73\bin;C:\Program Files\Intel\Intel(R) Management Engine Components\IPT;C:\Program Files\Java\jdk1.8.0_73\bin;C:\Program Files (x86)\Windows Live\Shared;C:\Program Files\Intel\WiFi\bin\;C:\Program Files\Common Files\Intel\WirelessCommon\;C:\Program Files (x86)\GtkSharp\2.12\bin;C:\Program Files\nodejs\;C:\Program Files\Microsoft SQL Server\130\Tools\Binn\;C:\Bitnami\wampstack-5.6.29-0\php;C:\ProgramData\ComposerSetup\bin;C:\Program Files\Git\cmd;C:\Program Files (x86)\PuTTY\;C:\cygwin64\bin;C:\Program Files (x86)\Windows Kits\8.1\Windows Performance Toolkit\;C:\Program Files (x86)\Skype\Phone\;C:\Users\jpd\AppData\Local\Programs\Python\Python35\Scripts\;C:\Users\jpd\AppData\Local\Programs\Python\Python35\;C:\Users\jpd\AppData\Local\Programs\Python\Python35-32\Scripts\;C:\Users\jpd\AppData\Local\Programs\Python\Python35-32\;C:\Program Files\Intel\WiFi\bin\;C:\Program Files\Common Files\Intel\WirelessCommon\;C:\Program Files (x86)\Java\jre1.8.0_71\bin;C:\Program Files\Java\jdk1.8.0_73\bin;C:\apache-maven-3.3.9\bin;C:\Users\jpd\AppData\Roaming\npm;C:\Program Files (x86)\Microsoft VS Code\bin;C:\Program Files\MongoDB\Server\3.2\bin;C:\Users\jpd\AppData\Local\Microsoft\WindowsApps;C:\Program Files\Bandizip\7z;C:\Users\jpd\AppData\Local\atom\bin;C:\Users\jpd\AppData\Roaming\Composer\vendor\bin;C:\cygwin64\bin
USERNAME=jpd
OS=Windows_NT
PROCESSOR_IDENTIFIER=Intel64 Family 6 Model 78 Stepping 3, GenuineIntel



---------------  S Y S T E M  ---------------

OS: Windows 10.0 , 64 bit Build 14393 (10.0.14393.0)

CPU:total 4 (2 cores per cpu, 2 threads per core) family 6 model 78 stepping 3, cmov, cx8, fxsr, mmx, sse, sse2, sse3, ssse3, sse4.1, sse4.2, popcnt, avx, avx2, aes, clmul, erms, rtm, 3dnowpref, lzcnt, ht, tsc, tscinvbit, bmi1, bmi2, adx

Memory: 4k page, physical 7424844k(1002896k free), swap 15485784k(5364k free)

vm_info: Java HotSpot(TM) 64-Bit Server VM (25.73-b02) for windows-amd64 JRE (1.8.0_73-b02), built on Jan 29 2016 17:38:49 by "java_re" with MS VC++ 10.0 (VS2010)

time: Sun Mar 12 15:48:48 2017
elapsed time: 10 seconds (0d 0h 0m 10s)

