#
# There is insufficient memory for the Java Runtime Environment to continue.
# Native memory allocation (malloc) failed to allocate 903456 bytes for Chunk::new
# Possible reasons:
#   The system is out of physical RAM or swap space
#   In 32 bit mode, the process size limit was hit
# Possible solutions:
#   Reduce memory load on the system
#   Increase physical memory or swap space
#   Check if swap backing store is full
#   Use 64 bit Java on a 64 bit OS
#   Decrease Java heap size (-Xmx/-Xms)
#   Decrease number of Java threads
#   Decrease Java thread stack sizes (-Xss)
#   Set larger code cache with -XX:ReservedCodeCacheSize=
# This output file may be truncated or incomplete.
#
#  Out of Memory Error (allocation.cpp:390), pid=9316, tid=2200
#
# JRE version: Java(TM) SE Runtime Environment (8.0_73-b02) (build 1.8.0_73-b02)
# Java VM: Java HotSpot(TM) 64-Bit Server VM (25.73-b02 mixed mode windows-amd64 compressed oops)
# Failed to write core dump. Minidumps are not enabled by default on client versions of Windows
#

---------------  T H R E A D  ---------------

Current thread (0x0000000014f69800):  JavaThread "C2 CompilerThread0" daemon [_thread_in_native, id=2200, stack(0x0000000016920000,0x0000000016a20000)]

Stack: [0x0000000016920000,0x0000000016a20000]
[error occurred during error reporting (printing stack bounds), id 0xc0000005]

Native frames: (J=compiled Java code, j=interpreted, Vv=VM code, C=native code)


Current CompileTask:
C2:  16452 4202   !   4       java.security.SecureClassLoader::getProtectionDomain (114 bytes)


---------------  P R O C E S S  ---------------

Java Threads: ( => current thread )
  0x00000000171b2000 JavaThread "pool-2-thread-1" [_thread_blocked, id=15704, stack(0x000000001d780000,0x000000001d880000)]
  0x00000000171b6000 JavaThread "File lock request listener" [_thread_in_native, id=19336, stack(0x000000001c0b0000,0x000000001c1b0000)]
  0x0000000017d4e000 JavaThread "Stdin handler" [_thread_blocked, id=17320, stack(0x0000000019360000,0x0000000019460000)]
  0x0000000017d5a000 JavaThread "Asynchronous log dispatcher for org.gradle.launcher.daemon.server.DefaultDaemonConnection@f0b70e9" [_thread_blocked, id=16444, stack(0x0000000019260000,0x0000000019360000)]
  0x0000000016f13000 JavaThread "Daemon worker" [_thread_in_native, id=8656, stack(0x0000000019160000,0x0000000019260000)]
  0x0000000017e36800 JavaThread "Cancel handler" [_thread_blocked, id=18896, stack(0x0000000018e60000,0x0000000018f60000)]
  0x0000000016f25000 JavaThread "Handler for socket connection from /127.0.0.1:1372 to /127.0.0.1:1373" [_thread_in_native, id=15380, stack(0x0000000018d60000,0x0000000018e60000)]
  0x0000000016f22000 JavaThread "Daemon" [_thread_blocked, id=8064, stack(0x0000000018c60000,0x0000000018d60000)]
  0x0000000018256800 JavaThread "Incoming local TCP Connector on port 1372" [_thread_in_native, id=20028, stack(0x0000000018890000,0x0000000018990000)]
  0x0000000017ad6800 JavaThread "pool-1-thread-1" [_thread_blocked, id=2588, stack(0x0000000018790000,0x0000000018890000)]
  0x0000000014fad000 JavaThread "Service Thread" daemon [_thread_blocked, id=18516, stack(0x0000000016c20000,0x0000000016d20000)]
  0x0000000014f6f000 JavaThread "C1 CompilerThread2" daemon [_thread_blocked, id=19580, stack(0x0000000016b20000,0x0000000016c20000)]
  0x0000000014f6c000 JavaThread "C2 CompilerThread1" daemon [_thread_in_native, id=21092, stack(0x0000000016a20000,0x0000000016b20000)]
=>0x0000000014f69800 JavaThread "C2 CompilerThread0" daemon [_thread_in_native, id=2200, stack(0x0000000016920000,0x0000000016a20000)]
  0x0000000016362800 JavaThread "Attach Listener" daemon [_thread_blocked, id=19620, stack(0x0000000016820000,0x0000000016920000)]
  0x0000000014f60000 JavaThread "Signal Dispatcher" daemon [_thread_blocked, id=13508, stack(0x0000000016720000,0x0000000016820000)]
  0x0000000002872000 JavaThread "Finalizer" daemon [_thread_blocked, id=7568, stack(0x00000000161a0000,0x00000000162a0000)]
  0x000000000286f000 JavaThread "Reference Handler" daemon [_thread_blocked, id=17872, stack(0x00000000160a0000,0x00000000161a0000)]
  0x0000000002782800 JavaThread "main" [_thread_blocked, id=2460, stack(0x00000000022b0000,0x00000000023b0000)]

Other Threads:
  0x0000000014f17800 VMThread [stack: 0x0000000015fa0000,0x00000000160a0000] [id=9188]
  0x00000000163d7800 WatcherThread [stack: 0x0000000016d20000,0x0000000016e20000] [id=6652]

VM state:not at safepoint (normal execution)

VM Mutex/Monitor currently owned by a thread: None

Heap:
 PSYoungGen      total 111104K, used 45395K [0x00000000eab00000, 0x00000000f5180000, 0x0000000100000000)
  eden space 100864K, 45% used [0x00000000eab00000,0x00000000ed754e38,0x00000000f0d80000)
  from space 10240K, 0% used [0x00000000f0d80000,0x00000000f0d80000,0x00000000f1780000)
  to   space 11264K, 0% used [0x00000000f4680000,0x00000000f4680000,0x00000000f5180000)
 ParOldGen       total 69120K, used 19006K [0x00000000c0000000, 0x00000000c4380000, 0x00000000eab00000)
  object space 69120K, 27% used [0x00000000c0000000,0x00000000c128f948,0x00000000c4380000)
 Metaspace       used 37177K, capacity 37990K, committed 38144K, reserved 1081344K
  class space    used 5130K, capacity 5335K, committed 5376K, reserved 1048576K

Card table byte_map: [0x0000000011c40000,0x0000000011e50000] byte_map_base: 0x0000000011640000

Marking Bits: (ParMarkBitMap*) 0x00000000710b0600
 Begin Bits: [0x00000000123b0000, 0x00000000133b0000)
 End Bits:   [0x00000000133b0000, 0x00000000143b0000)

Polling page: 0x00000000007f0000

CodeCache: size=245760Kb used=14525Kb max_used=14525Kb free=231234Kb
 bounds [0x0000000002880000, 0x00000000036c0000, 0x0000000011880000]
 total_blobs=4647 nmethods=3972 adapters=587
 compilation: enabled

Compilation events (10 events):
Event: 16.440 Thread 0x0000000014f6f000 4227       3       sun.nio.fs.WindowsPathParser::parseNormalizedPath (6 bytes)
Event: 16.440 Thread 0x0000000014f6f000 nmethod 4227 0x0000000002e16910 code [0x0000000002e16a80, 0x0000000002e16be8]
Event: 16.440 Thread 0x0000000014f6f000 4228       3       sun.nio.fs.WindowsPath::<init> (10 bytes)
Event: 16.441 Thread 0x0000000014f6f000 nmethod 4228 0x00000000036b8b10 code [0x00000000036b8c80, 0x00000000036b8f30]
Event: 16.441 Thread 0x0000000014f6f000 4229       3       sun.nio.fs.NativeBuffers::getNativeBufferFromCache (51 bytes)
Event: 16.441 Thread 0x0000000014f6f000 nmethod 4229 0x00000000036b9090 code [0x00000000036b9240, 0x00000000036b9848]
Event: 16.441 Thread 0x0000000014f6f000 4230       3       sun.nio.fs.NativeBuffer::setOwner (6 bytes)
Event: 16.442 Thread 0x0000000014f6f000 nmethod 4230 0x00000000036b9a90 code [0x00000000036b9be0, 0x00000000036b9d50]
Event: 16.442 Thread 0x0000000014f6f000 4231       3       sun.nio.fs.NativeBuffer::release (5 bytes)
Event: 16.442 Thread 0x0000000014f6f000 nmethod 4231 0x00000000036b9dd0 code [0x00000000036b9f40, 0x00000000036ba0c8]

GC Heap History (10 events):
Event: 10.986 GC heap before
{Heap before GC invocations=7 (full 1):
 PSYoungGen      total 34304K, used 29696K [0x00000000eab00000, 0x00000000efa00000, 0x0000000100000000)
  eden space 29696K, 100% used [0x00000000eab00000,0x00000000ec800000,0x00000000ec800000)
  from space 4608K, 0% used [0x00000000ec800000,0x00000000ec800000,0x00000000ecc80000)
  to   space 10752K, 0% used [0x00000000eef80000,0x00000000eef80000,0x00000000efa00000)
 ParOldGen       total 49152K, used 9939K [0x00000000c0000000, 0x00000000c3000000, 0x00000000eab00000)
  object space 49152K, 20% used [0x00000000c0000000,0x00000000c09b4c58,0x00000000c3000000)
 Metaspace       used 23336K, capacity 23888K, committed 24192K, reserved 1071104K
  class space    used 3187K, capacity 3349K, committed 3456K, reserved 1048576K
Event: 10.995 GC heap after
Heap after GC invocations=7 (full 1):
 PSYoungGen      total 62976K, used 4337K [0x00000000eab00000, 0x00000000ef680000, 0x0000000100000000)
  eden space 55808K, 0% used [0x00000000eab00000,0x00000000eab00000,0x00000000ee180000)
  from space 7168K, 60% used [0x00000000eef80000,0x00000000ef3bc468,0x00000000ef680000)
  to   space 10752K, 0% used [0x00000000ee180000,0x00000000ee180000,0x00000000eec00000)
 ParOldGen       total 49152K, used 9939K [0x00000000c0000000, 0x00000000c3000000, 0x00000000eab00000)
  object space 49152K, 20% used [0x00000000c0000000,0x00000000c09b4c58,0x00000000c3000000)
 Metaspace       used 23336K, capacity 23888K, committed 24192K, reserved 1071104K
  class space    used 3187K, capacity 3349K, committed 3456K, reserved 1048576K
}
Event: 11.850 GC heap before
{Heap before GC invocations=8 (full 1):
 PSYoungGen      total 62976K, used 60145K [0x00000000eab00000, 0x00000000ef680000, 0x0000000100000000)
  eden space 55808K, 100% used [0x00000000eab00000,0x00000000ee180000,0x00000000ee180000)
  from space 7168K, 60% used [0x00000000eef80000,0x00000000ef3bc468,0x00000000ef680000)
  to   space 10752K, 0% used [0x00000000ee180000,0x00000000ee180000,0x00000000eec00000)
 ParOldGen       total 49152K, used 9939K [0x00000000c0000000, 0x00000000c3000000, 0x00000000eab00000)
  object space 49152K, 20% used [0x00000000c0000000,0x00000000c09b4c58,0x00000000c3000000)
 Metaspace       used 27575K, capacity 28234K, committed 28416K, reserved 1073152K
  class space    used 3894K, capacity 4069K, committed 4096K, reserved 1048576K
Event: 11.862 GC heap after
Heap after GC invocations=8 (full 1):
 PSYoungGen      total 66560K, used 6844K [0x00000000eab00000, 0x00000000f2380000, 0x0000000100000000)
  eden space 55808K, 0% used [0x00000000eab00000,0x00000000eab00000,0x00000000ee180000)
  from space 10752K, 63% used [0x00000000ee180000,0x00000000ee82f1e8,0x00000000eec00000)
  to   space 10240K, 0% used [0x00000000f1980000,0x00000000f1980000,0x00000000f2380000)
 ParOldGen       total 49152K, used 9939K [0x00000000c0000000, 0x00000000c3000000, 0x00000000eab00000)
  object space 49152K, 20% used [0x00000000c0000000,0x00000000c09b4c58,0x00000000c3000000)
 Metaspace       used 27575K, capacity 28234K, committed 28416K, reserved 1073152K
  class space    used 3894K, capacity 4069K, committed 4096K, reserved 1048576K
}
Event: 13.385 GC heap before
{Heap before GC invocations=9 (full 1):
 PSYoungGen      total 66560K, used 62652K [0x00000000eab00000, 0x00000000f2380000, 0x0000000100000000)
  eden space 55808K, 100% used [0x00000000eab00000,0x00000000ee180000,0x00000000ee180000)
  from space 10752K, 63% used [0x00000000ee180000,0x00000000ee82f1e8,0x00000000eec00000)
  to   space 10240K, 0% used [0x00000000f1980000,0x00000000f1980000,0x00000000f2380000)
 ParOldGen       total 49152K, used 9939K [0x00000000c0000000, 0x00000000c3000000, 0x00000000eab00000)
  object space 49152K, 20% used [0x00000000c0000000,0x00000000c09b4c58,0x00000000c3000000)
 Metaspace       used 28457K, capacity 29090K, committed 29312K, reserved 1075200K
  class space    used 3960K, capacity 4137K, committed 4224K, reserved 1048576K
Event: 13.394 GC heap after
Heap after GC invocations=9 (full 1):
 PSYoungGen      total 109056K, used 4559K [0x00000000eab00000, 0x00000000f2180000, 0x0000000100000000)
  eden space 100864K, 0% used [0x00000000eab00000,0x00000000eab00000,0x00000000f0d80000)
  from space 8192K, 55% used [0x00000000f1980000,0x00000000f1df3fc8,0x00000000f2180000)
  to   space 10240K, 0% used [0x00000000f0d80000,0x00000000f0d80000,0x00000000f1780000)
 ParOldGen       total 49152K, used 9947K [0x00000000c0000000, 0x00000000c3000000, 0x00000000eab00000)
  object space 49152K, 20% used [0x00000000c0000000,0x00000000c09b6c58,0x00000000c3000000)
 Metaspace       used 28457K, capacity 29090K, committed 29312K, reserved 1075200K
  class space    used 3960K, capacity 4137K, committed 4224K, reserved 1048576K
}
Event: 15.709 GC heap before
{Heap before GC invocations=10 (full 1):
 PSYoungGen      total 109056K, used 104883K [0x00000000eab00000, 0x00000000f2180000, 0x0000000100000000)
  eden space 100864K, 99% used [0x00000000eab00000,0x00000000f0cf8fe8,0x00000000f0d80000)
  from space 8192K, 55% used [0x00000000f1980000,0x00000000f1df3fc8,0x00000000f2180000)
  to   space 10240K, 0% used [0x00000000f0d80000,0x00000000f0d80000,0x00000000f1780000)
 ParOldGen       total 49152K, used 9947K [0x00000000c0000000, 0x00000000c3000000, 0x00000000eab00000)
  object space 49152K, 20% used [0x00000000c0000000,0x00000000c09b6c58,0x00000000c3000000)
 Metaspace       used 34613K, capacity 35348K, committed 35456K, reserved 1079296K
  class space    used 4762K, capacity 4991K, committed 4992K, reserved 1048576K
Event: 15.725 GC heap after
Heap after GC invocations=10 (full 1):
 PSYoungGen      total 111104K, used 9736K [0x00000000eab00000, 0x00000000f5180000, 0x0000000100000000)
  eden space 100864K, 0% used [0x00000000eab00000,0x00000000eab00000,0x00000000f0d80000)
  from space 10240K, 95% used [0x00000000f0d80000,0x00000000f17021f8,0x00000000f1780000)
  to   space 11264K, 0% used [0x00000000f4680000,0x00000000f4680000,0x00000000f5180000)
 ParOldGen       total 49152K, used 11567K [0x00000000c0000000, 0x00000000c3000000, 0x00000000eab00000)
  object space 49152K, 23% used [0x00000000c0000000,0x00000000c0b4bc78,0x00000000c3000000)
 Metaspace       used 34613K, capacity 35348K, committed 35456K, reserved 1079296K
  class space    used 4762K, capacity 4991K, committed 4992K, reserved 1048576K
}
Event: 15.725 GC heap before
{Heap before GC invocations=11 (full 2):
 PSYoungGen      total 111104K, used 9736K [0x00000000eab00000, 0x00000000f5180000, 0x0000000100000000)
  eden space 100864K, 0% used [0x00000000eab00000,0x00000000eab00000,0x00000000f0d80000)
  from space 10240K, 95% used [0x00000000f0d80000,0x00000000f17021f8,0x00000000f1780000)
  to   space 11264K, 0% used [0x00000000f4680000,0x00000000f4680000,0x00000000f5180000)
 ParOldGen       total 49152K, used 11567K [0x00000000c0000000, 0x00000000c3000000, 0x00000000eab00000)
  object space 49152K, 23% used [0x00000000c0000000,0x00000000c0b4bc78,0x00000000c3000000)
 Metaspace       used 34613K, capacity 35348K, committed 35456K, reserved 1079296K
  class space    used 4762K, capacity 4991K, committed 4992K, reserved 1048576K
Event: 15.856 GC heap after
Heap after GC invocations=11 (full 2):
 PSYoungGen      total 111104K, used 0K [0x00000000eab00000, 0x00000000f5180000, 0x0000000100000000)
  eden space 100864K, 0% used [0x00000000eab00000,0x00000000eab00000,0x00000000f0d80000)
  from space 10240K, 0% used [0x00000000f0d80000,0x00000000f0d80000,0x00000000f1780000)
  to   space 11264K, 0% used [0x00000000f4680000,0x00000000f4680000,0x00000000f5180000)
 ParOldGen       total 69120K, used 19006K [0x00000000c0000000, 0x00000000c4380000, 0x00000000eab00000)
  object space 69120K, 27% used [0x00000000c0000000,0x00000000c128f948,0x00000000c4380000)
 Metaspace       used 34613K, capacity 35348K, committed 35456K, reserved 1079296K
  class space    used 4762K, capacity 4991K, committed 4992K, reserved 1048576K
}

Deoptimization events (10 events):
Event: 15.966 Thread 0x0000000016f13000 Uncommon trap: reason=unstable_if action=reinterpret pc=0x00000000035f5864 method=java.util.HashMap.putVal(ILjava/lang/Object;Ljava/lang/Object;ZZ)Ljava/lang/Object; @ 236
Event: 15.986 Thread 0x0000000016f13000 Uncommon trap: reason=class_check action=maybe_recompile pc=0x000000000324b610 method=java.util.Hashtable.put(Ljava/lang/Object;Ljava/lang/Object;)Ljava/lang/Object; @ 18
Event: 15.986 Thread 0x0000000016f13000 Uncommon trap: reason=class_check action=maybe_recompile pc=0x000000000324b610 method=java.util.Hashtable.put(Ljava/lang/Object;Ljava/lang/Object;)Ljava/lang/Object; @ 18
Event: 15.986 Thread 0x0000000016f13000 Uncommon trap: reason=class_check action=maybe_recompile pc=0x000000000324b610 method=java.util.Hashtable.put(Ljava/lang/Object;Ljava/lang/Object;)Ljava/lang/Object; @ 18
Event: 15.986 Thread 0x0000000016f13000 Uncommon trap: reason=class_check action=maybe_recompile pc=0x000000000324b610 method=java.util.Hashtable.put(Ljava/lang/Object;Ljava/lang/Object;)Ljava/lang/Object; @ 18
Event: 15.986 Thread 0x0000000016f13000 Uncommon trap: reason=class_check action=maybe_recompile pc=0x0000000003246cdc method=java.util.Hashtable.addEntry(ILjava/lang/Object;Ljava/lang/Object;I)V @ 38
Event: 15.987 Thread 0x0000000016f13000 Uncommon trap: reason=unstable_if action=reinterpret pc=0x0000000002dcb4fc method=java.lang.CharacterDataLatin1.isWhitespace(I)Z @ 14
Event: 16.019 Thread 0x0000000016f13000 Uncommon trap: reason=unstable_if action=reinterpret pc=0x0000000003680068 method=java.util.jar.JarFile.getInputStream(Ljava/util/zip/ZipEntry;)Ljava/io/InputStream; @ 37
Event: 16.021 Thread 0x0000000016f13000 Uncommon trap: reason=unstable_if action=reinterpret pc=0x00000000029adf6c method=java.security.CodeSource.getCertificates()[Ljava/security/cert/Certificate; @ 22
Event: 16.042 Thread 0x0000000016f13000 Uncommon trap: reason=unstable_if action=reinterpret pc=0x00000000033a9f3c method=java.util.LinkedHashMap.get(Ljava/lang/Object;)Ljava/lang/Object; @ 20

Internal exceptions (10 events):
Event: 16.442 Thread 0x0000000016f13000 Exception <a 'sun/nio/fs/WindowsException'> (0x00000000ed57cd48) thrown at [D:\re\puppet\workspace\8-2-build-windows-amd64-cygwin\jdk8u73\6086\hotspot\src\share\vm\prims\jni.cpp, line 709]
Event: 16.443 Thread 0x0000000016f13000 Exception <a 'sun/nio/fs/WindowsException'> (0x00000000ed57d800) thrown at [D:\re\puppet\workspace\8-2-build-windows-amd64-cygwin\jdk8u73\6086\hotspot\src\share\vm\prims\jni.cpp, line 709]
Event: 16.443 Thread 0x0000000016f13000 Exception <a 'sun/nio/fs/WindowsException'> (0x00000000ed57ff58) thrown at [D:\re\puppet\workspace\8-2-build-windows-amd64-cygwin\jdk8u73\6086\hotspot\src\share\vm\prims\jni.cpp, line 709]
Event: 16.443 Thread 0x0000000016f13000 Exception <a 'sun/nio/fs/WindowsException'> (0x00000000ed5809b8) thrown at [D:\re\puppet\workspace\8-2-build-windows-amd64-cygwin\jdk8u73\6086\hotspot\src\share\vm\prims\jni.cpp, line 709]
Event: 16.444 Thread 0x0000000016f13000 Exception <a 'sun/nio/fs/WindowsException'> (0x00000000ed582090) thrown at [D:\re\puppet\workspace\8-2-build-windows-amd64-cygwin\jdk8u73\6086\hotspot\src\share\vm\prims\jni.cpp, line 709]
Event: 16.444 Thread 0x0000000016f13000 Exception <a 'sun/nio/fs/WindowsException'> (0x00000000ed582b28) thrown at [D:\re\puppet\workspace\8-2-build-windows-amd64-cygwin\jdk8u73\6086\hotspot\src\share\vm\prims\jni.cpp, line 709]
Event: 16.445 Thread 0x0000000016f13000 Exception <a 'sun/nio/fs/WindowsException'> (0x00000000ed585af8) thrown at [D:\re\puppet\workspace\8-2-build-windows-amd64-cygwin\jdk8u73\6086\hotspot\src\share\vm\prims\jni.cpp, line 709]
Event: 16.445 Thread 0x0000000016f13000 Exception <a 'sun/nio/fs/WindowsException'> (0x00000000ed586418) thrown at [D:\re\puppet\workspace\8-2-build-windows-amd64-cygwin\jdk8u73\6086\hotspot\src\share\vm\prims\jni.cpp, line 709]
Event: 16.445 Thread 0x0000000016f13000 Exception <a 'sun/nio/fs/WindowsException'> (0x00000000ed5879b0) thrown at [D:\re\puppet\workspace\8-2-build-windows-amd64-cygwin\jdk8u73\6086\hotspot\src\share\vm\prims\jni.cpp, line 709]
Event: 16.446 Thread 0x0000000016f13000 Exception <a 'sun/nio/fs/WindowsException'> (0x00000000ed588308) thrown at [D:\re\puppet\workspace\8-2-build-windows-amd64-cygwin\jdk8u73\6086\hotspot\src\share\vm\prims\jni.cpp, line 709]

Events (10 events):
Event: 16.393 loading class java/util/stream/AbstractSpinedBuffer
Event: 16.394 loading class java/util/stream/AbstractSpinedBuffer done
Event: 16.394 loading class java/util/stream/SpinedBuffer done
Event: 16.394 loading class java/util/stream/Nodes$SpinedNodeBuilder done
Event: 16.394 loading class java/util/stream/ReferencePipeline$3$1
Event: 16.394 loading class java/util/stream/Sink$ChainedReference
Event: 16.394 loading class java/util/stream/Sink$ChainedReference done
Event: 16.394 loading class java/util/stream/ReferencePipeline$3$1 done
Event: 16.448 loading class com/android/repository/impl/meta/SchemaModuleUtil
Event: 16.448 loading class com/android/repository/impl/meta/SchemaModuleUtil done


Dynamic libraries:
0x00007ff706810000 - 0x00007ff706847000 	C:\Program Files\Java\jdk1.8.0_73\bin\java.exe
0x00007ff97a8e0000 - 0x00007ff97aab1000 	C:\WINDOWS\SYSTEM32\ntdll.dll
0x00007ff978510000 - 0x00007ff9785bc000 	C:\WINDOWS\System32\KERNEL32.DLL
0x00007ff977c50000 - 0x00007ff977e6d000 	C:\WINDOWS\System32\KERNELBASE.dll
0x00007ff97a0b0000 - 0x00007ff97a152000 	C:\WINDOWS\System32\ADVAPI32.dll
0x00007ff977e70000 - 0x00007ff977f0e000 	C:\WINDOWS\System32\msvcrt.dll
0x00007ff978910000 - 0x00007ff978969000 	C:\WINDOWS\System32\sechost.dll
0x00007ff979ee0000 - 0x00007ff97a001000 	C:\WINDOWS\System32\RPCRT4.dll
0x00007ff9785c0000 - 0x00007ff978725000 	C:\WINDOWS\System32\USER32.dll
0x00007ff9777b0000 - 0x00007ff9777ce000 	C:\WINDOWS\System32\win32u.dll
0x00007ff9788d0000 - 0x00007ff978904000 	C:\WINDOWS\System32\GDI32.dll
0x00007ff976ed0000 - 0x00007ff977052000 	C:\WINDOWS\System32\gdi32full.dll
0x00007ff9680e0000 - 0x00007ff96835a000 	C:\WINDOWS\WinSxS\amd64_microsoft.windows.common-controls_6595b64144ccf1df_6.0.14393.953_none_42151e83c686086b\COMCTL32.dll
0x00007ff978240000 - 0x00007ff978508000 	C:\WINDOWS\System32\combase.dll
0x00007ff976dd0000 - 0x00007ff976ec5000 	C:\WINDOWS\System32\ucrtbase.dll
0x00007ff977740000 - 0x00007ff9777aa000 	C:\WINDOWS\System32\bcryptPrimitives.dll
0x00007ff97a070000 - 0x00007ff97a09e000 	C:\WINDOWS\System32\IMM32.DLL
0x0000000071130000 - 0x0000000071202000 	C:\Program Files\Java\jdk1.8.0_73\jre\bin\msvcr100.dll
0x00000000708a0000 - 0x0000000071130000 	C:\Program Files\Java\jdk1.8.0_73\jre\bin\server\jvm.dll
0x00007ff97a0a0000 - 0x00007ff97a0a8000 	C:\WINDOWS\System32\PSAPI.DLL
0x00007ff966bb0000 - 0x00007ff966bb9000 	C:\WINDOWS\SYSTEM32\WSOCK32.dll
0x00007ff9750e0000 - 0x00007ff975103000 	C:\WINDOWS\SYSTEM32\WINMM.dll
0x00007ff97a850000 - 0x00007ff97a8ba000 	C:\WINDOWS\System32\WS2_32.dll
0x00007ff966b70000 - 0x00007ff966b7a000 	C:\WINDOWS\SYSTEM32\VERSION.dll
0x00007ff975030000 - 0x00007ff97505b000 	C:\WINDOWS\SYSTEM32\WINMMBASE.dll
0x00007ff977980000 - 0x00007ff9779c2000 	C:\WINDOWS\System32\cfgmgr32.dll
0x0000000070890000 - 0x000000007089f000 	C:\Program Files\Java\jdk1.8.0_73\jre\bin\verify.dll
0x0000000070860000 - 0x0000000070889000 	C:\Program Files\Java\jdk1.8.0_73\jre\bin\java.dll
0x0000000070840000 - 0x0000000070856000 	C:\Program Files\Java\jdk1.8.0_73\jre\bin\zip.dll
0x00007ff978970000 - 0x00007ff979e78000 	C:\WINDOWS\System32\SHELL32.dll
0x00007ff977060000 - 0x00007ff97773a000 	C:\WINDOWS\System32\windows.storage.dll
0x00007ff976d70000 - 0x00007ff976dbc000 	C:\WINDOWS\System32\powrprof.dll
0x00007ff97a600000 - 0x00007ff97a652000 	C:\WINDOWS\System32\shlwapi.dll
0x00007ff976d40000 - 0x00007ff976d4f000 	C:\WINDOWS\System32\kernel.appcore.dll
0x00007ff9777d0000 - 0x00007ff977879000 	C:\WINDOWS\System32\shcore.dll
0x00007ff976d50000 - 0x00007ff976d64000 	C:\WINDOWS\System32\profapi.dll
0x0000000070820000 - 0x000000007083a000 	C:\Program Files\Java\jdk1.8.0_73\jre\bin\net.dll
0x00007ff976610000 - 0x00007ff97666c000 	C:\WINDOWS\system32\mswsock.dll
0x0000000070800000 - 0x0000000070811000 	C:\Program Files\Java\jdk1.8.0_73\jre\bin\nio.dll
0x00007ff966070000 - 0x00007ff966082000 	C:\Users\jpd\.gradle\native\19\windows-amd64\native-platform.dll
0x00007ff9767b0000 - 0x00007ff9767c7000 	C:\WINDOWS\SYSTEM32\CRYPTSP.dll
0x00007ff976210000 - 0x00007ff976243000 	C:\WINDOWS\system32\rsaenh.dll
0x00007ff976c80000 - 0x00007ff976cab000 	C:\WINDOWS\SYSTEM32\bcrypt.dll
0x00007ff976490000 - 0x00007ff9764af000 	C:\WINDOWS\SYSTEM32\USERENV.dll
0x00007ff976c70000 - 0x00007ff976c7b000 	C:\WINDOWS\SYSTEM32\CRYPTBASE.dll
0x00007ff976390000 - 0x00007ff9763c8000 	C:\WINDOWS\SYSTEM32\IPHLPAPI.DLL
0x00007ff9780d0000 - 0x00007ff9780d8000 	C:\WINDOWS\System32\NSI.dll
0x00007ff971fb0000 - 0x00007ff971fc6000 	C:\WINDOWS\SYSTEM32\dhcpcsvc6.DLL
0x00007ff9726f0000 - 0x00007ff97270a000 	C:\WINDOWS\SYSTEM32\dhcpcsvc.DLL
0x00000000707f0000 - 0x00000000707fd000 	C:\Program Files\Java\jdk1.8.0_73\jre\bin\management.dll

VM Arguments:
jvm_args: -XX:MaxPermSize=256m -XX:+HeapDumpOnOutOfMemoryError -Xmx1024m -Dfile.encoding=x-windows-949 -Duser.country=KR -Duser.language=ko -Duser.variant 
java_command: org.gradle.launcher.daemon.bootstrap.GradleDaemon 2.14.1
java_class_path (initial): C:\Program Files\Android\Android Studio\gradle\gradle-2.14.1\lib\gradle-launcher-2.14.1.jar
Launcher Type: SUN_STANDARD

Environment Variables:
JAVA_HOME=C:\Program Files\Java\jdk1.8.0_73
PATH=C:\oraclexe\app\oracle\product\11.2.0\server\bin;;C:\ProgramData\Oracle\Java\javapath;C:\oraclexe\app\oracle\product\11.2.0\server\bin;C:\Program Files (x86)\Intel\iCLS Client\;C:\Program Files\Intel\iCLS Client\;C:\WINDOWS\system32;C:\WINDOWS;C:\WINDOWS\System32\Wbem;C:\WINDOWS\System32\WindowsPowerShell\v1.0\;C:\Program Files (x86)\Intel\Intel(R) Management Engine Components\DAL;C:\Program Files\Intel\Intel(R) Management Engine Components\DAL;C:\Program Files (x86)\Intel\Intel(R) Management Engine Components\IPT;C:\Program Files\Java\jdk1.8.0_73\bin;C:\Program Files\Intel\Intel(R) Management Engine Components\IPT;C:\Program Files\Java\jdk1.8.0_73\bin;C:\Program Files (x86)\Windows Live\Shared;C:\Program Files\Intel\WiFi\bin\;C:\Program Files\Common Files\Intel\WirelessCommon\;C:\Program Files (x86)\GtkSharp\2.12\bin;C:\Program Files\nodejs\;C:\Program Files\Microsoft SQL Server\130\Tools\Binn\;C:\Bitnami\wampstack-5.6.29-0\php;C:\ProgramData\ComposerSetup\bin;C:\Program Files\Git\cmd;C:\Program Files (x86)\PuTTY\;C:\cygwin64\bin;C:\Program Files (x86)\Windows Kits\8.1\Windows Performance Toolkit\;C:\Program Files (x86)\Skype\Phone\;C:\Users\jpd\AppData\Local\Programs\Python\Python35\Scripts\;C:\Users\jpd\AppData\Local\Programs\Python\Python35\;C:\Users\jpd\AppData\Local\Programs\Python\Python35-32\Scripts\;C:\Users\jpd\AppData\Local\Programs\Python\Python35-32\;C:\Program Files\Intel\WiFi\bin\;C:\Program Files\Common Files\Intel\WirelessCommon\;C:\Program Files (x86)\Java\jre1.8.0_71\bin;C:\Program Files\Java\jdk1.8.0_73\bin;C:\apache-maven-3.3.9\bin;C:\Users\jpd\AppData\Roaming\npm;C:\Program Files (x86)\Microsoft VS Code\bin;C:\Program Files\MongoDB\Server\3.2\bin;C:\Users\jpd\AppData\Local\Microsoft\WindowsApps;C:\Program Files\Bandizip\7z;C:\Users\jpd\AppData\Local\atom\bin;C:\Users\jpd\AppData\Roaming\Composer\vendor\bin;C:\cygwin64\bin
USERNAME=jpd
OS=Windows_NT
PROCESSOR_IDENTIFIER=Intel64 Family 6 Model 78 Stepping 3, GenuineIntel



---------------  S Y S T E M  ---------------

OS: Windows 10.0 , 64 bit Build 14393 (10.0.14393.1198)

CPU:total 4 (2 cores per cpu, 2 threads per core) family 6 model 78 stepping 3, cmov, cx8, fxsr, mmx, sse, sse2, sse3, ssse3, sse4.1, sse4.2, popcnt, avx, avx2, aes, clmul, erms, rtm, 3dnowpref, lzcnt, ht, tsc, tscinvbit, bmi1, bmi2, adx

Memory: 4k page, physical 7424844k(958604k free), swap 16734012k(6880k free)

vm_info: Java HotSpot(TM) 64-Bit Server VM (25.73-b02) for windows-amd64 JRE (1.8.0_73-b02), built on Jan 29 2016 17:38:49 by "java_re" with MS VC++ 10.0 (VS2010)

time: Sat Jun 17 15:04:44 2017
elapsed time: 16 seconds (0d 0h 0m 16s)

